This is pdfTeX, Version 3.141592653-2.6-1.40.24 (MiKTeX 22.3) (preloaded format=pdflatex 2022.7.6)  4 NOV 2022 23:58
entering extended mode
 restricted \write18 enabled.
 %&-line parsing enabled.
**./Bitacoras_Grupo5.tex
(Bitacoras_Grupo5.tex
LaTeX2e <2022-06-01> patch level 3
L3 programming layer <2022-06-16> (C:\Users\andre\AppData\Local\Programs\MiKTeX
\tex/latex/memoir\memoir.cls
Document Class: memoir 2022/02/20 v3.7q configurable book, report, article docu
ment class
(C:\Users\andre\AppData\Local\Programs\MiKTeX\tex/latex/etoolbox\etoolbox.sty
Package: etoolbox 2020/10/05 v2.5k e-TeX tools for LaTeX (JAW)
\etb@tempcnta=\count185
)
\onelineskip=\skip47
\lxvchars=\skip48
\xlvchars=\skip49
\@memcnta=\count186
\c@@memmarkcntra=\count187
(C:\Users\andre\AppData\Local\Programs\MiKTeX\tex/generic/iftex\iftex.sty
Package: iftex 2022/02/03 v1.0f TeX engine tests
)
\stockheight=\skip50
\stockwidth=\skip51
\trimtop=\skip52
\trimedge=\skip53
(C:\Users\andre\AppData\Local\Programs\MiKTeX\tex/latex/memoir\mem10.clo
File: mem10.clo 2008/01/30 v0.3 memoir class 10pt size option
)
\binding=\skip54
\spinemargin=\skip55
\foremargin=\skip56
\uppermargin=\skip57
\lowermargin=\skip58
\headdrop=\skip59
\normalrulethickness=\skip60
\mem@maxheadheight=\skip61
\mem@maxfootheight=\skip62
\headwidth=\skip63
\c@storedpagenumber=\count188
\memPD=\dimen138
\m@mabparskip=\skip64
\thanksmarkwidth=\skip65
\thanksmarksep=\skip66
\droptitle=\skip67
\c@book=\count189
\c@part=\count190
\c@chapter=\count191
\c@section=\count192
\c@subsection=\count193
\c@subsubsection=\count194
\c@paragraph=\count195
\c@subparagraph=\count196
\beforechapskip=\skip68
\midchapskip=\skip69
\afterchapskip=\skip70
\chapindent=\skip71
\bottomsectionskip=\skip72
\secindent=\skip73
\beforesecskip=\skip74
\aftersecskip=\skip75
\subsecindent=\skip76
\beforesubsecskip=\skip77
\aftersubsecskip=\skip78
\subsubsecindent=\skip79
\beforesubsubsecskip=\skip80
\aftersubsubsecskip=\skip81
\paraindent=\skip82
\beforeparaskip=\skip83
\afterparaskip=\skip84
\subparaindent=\skip85
\beforesubparaskip=\skip86
\aftersubparaskip=\skip87
\pfbreakskip=\skip88
\c@@ppsavesec=\count197
\c@@ppsaveapp=\count198
\ragrparindent=\dimen139
\everylistparindent=\dimen140
\parsepi=\skip89
\topsepi=\skip90
\itemsepi=\skip91
\parsepii=\skip92
\topsepii=\skip93
\topsepiii=\skip94
\itemsepii=\skip95
\itemsepiii=\skip96
\partopsepii=\skip97
\partopsepiii=\skip98
\m@msavetopsep=\skip99
\m@msavepartopsep=\skip100
\@enLab=\toks16
\abstitleskip=\skip101
\absleftindent=\skip102
\abs@leftindent=\dimen141
\absrightindent=\skip103
\absparindent=\skip104
\absparsep=\skip105
\c@vslineno=\count199
\c@poemline=\count266
\c@modulo@vs=\count267
\c@memfvsline=\count268
\vleftskip=\skip106
\vrightskip=\skip107
\stanzaskip=\skip108
\versewidth=\skip109
\vgap=\skip110
\vindent=\skip111
\vleftmargin=\dimen142
\c@verse=\count269
\c@chrsinstr=\count270
\beforepoemtitleskip=\skip112
\afterpoemtitleskip=\skip113
\c@poem=\count271
\beforePoemTitleskip=\skip114
\midPoemTitleskip=\skip115
\afterPoemTitleskip=\skip116
(C:\Users\andre\AppData\Local\Programs\MiKTeX\tex/latex/tools\array.sty
Package: array 2021/10/04 v2.5f Tabular extension package (FMi)
\col@sep=\dimen143
\ar@mcellbox=\box51
\extrarowheight=\dimen144
\NC@list=\toks17
\extratabsurround=\skip117
\backup@length=\skip118
\ar@cellbox=\box52
) (C:\Users\andre\AppData\Local\Programs\MiKTeX\tex/latex/tools\dcolumn.sty
Package: dcolumn 2014/10/28 v1.06 decimal alignment package (DPC)
) (C:\Users\andre\AppData\Local\Programs\MiKTeX\tex/latex/tools\delarray.sty
Package: delarray 2014/10/28 v1.01 array delimiter package (DPC)
) (C:\Users\andre\AppData\Local\Programs\MiKTeX\tex/latex/tools\tabularx.sty
Package: tabularx 2020/01/15 v2.11c `tabularx' package (DPC)
\TX@col@width=\dimen145
\TX@old@table=\dimen146
\TX@old@col=\dimen147
\TX@target=\dimen148
\TX@delta=\dimen149
\TX@cols=\count272
\TX@ftn=\toks18
)
\heavyrulewidth=\dimen150
\lightrulewidth=\dimen151
\cmidrulewidth=\dimen152
\belowrulesep=\dimen153
\belowbottomsep=\dimen154
\aboverulesep=\dimen155
\abovetopsep=\dimen156
\cmidrulesep=\dimen157
\cmidrulekern=\dimen158
\defaultaddspace=\dimen159
\@cmidla=\count273
\@cmidlb=\count274
\@aboverulesep=\dimen160
\@belowrulesep=\dimen161
\@thisruleclass=\count275
\@lastruleclass=\count276
\@thisrulewidth=\dimen162
\ctableftskip=\skip119
\ctabrightskip=\skip120
\abovecolumnspenalty=\count277
\@linestogo=\count278
\@cellstogo=\count279
\@cellsincolumn=\count280
\crtok=\toks19
\@mincolumnwidth=\dimen163
\c@newflo@tctr=\count281
\mem@margin@floatbox=\box53
\@contcwidth=\skip121
\@contindw=\skip122
\abovecaptionskip=\skip123
\belowcaptionskip=\skip124
\subfloattopskip=\skip125
\subfloatcapskip=\skip126
\subfloatcaptopadj=\skip127
\subfloatbottomskip=\skip128
\subfloatlabelskip=\skip129
\subfloatcapmargin=\dimen164
\c@@contsubnum=\count282
\m@mscap@capbox=\box54
\m@mscap@fbox=\box55
\sidecapsep=\dimen165
\sidecapwidth=\dimen166
\m@m@tempdima=\dimen167
\m@mscapraise=\dimen168
\sidecapraise=\dimen169
\m@mscapmainwidth=\dimen170
\m@mscaplkern=\dimen171
\beforeepigraphskip=\skip130
\afterepigraphskip=\skip131
\epigraphwidth=\skip132
\epigraphrule=\skip133
LaTeX Info: Redefining \em on input line 7655.
LaTeX Info: Redefining \emph on input line 7663.
\tocentryskip=\skip134
\tocbaseline=\skip135
\cftparskip=\skip136
\cftbeforebookskip=\skip137
\cftbookindent=\dimen172
\cftbooknumwidth=\dimen173
\cftbeforepartskip=\skip138
\cftpartindent=\skip139
\cftpartnumwidth=\skip140
\cftbeforechapterskip=\skip141
\cftchapterindent=\skip142
\cftchapternumwidth=\skip143
\cftbeforesectionskip=\skip144
\cftsectionindent=\skip145
\cftsectionnumwidth=\skip146
\cftbeforesubsectionskip=\skip147
\cftsubsectionindent=\skip148
\cftsubsectionnumwidth=\skip149
\cftbeforesubsubsectionskip=\skip150
\cftsubsubsectionindent=\skip151
\cftsubsubsectionnumwidth=\skip152
\cftbeforeparagraphskip=\skip153
\cftparagraphindent=\skip154
\cftparagraphnumwidth=\skip155
\cftbeforesubparagraphskip=\skip156
\cftsubparagraphindent=\skip157
\cftsubparagraphnumwidth=\skip158
\prechapterprecisshift=\dimen174
\c@maxsecnumdepth=\count283
\bibindent=\dimen175
\bibitemsep=\skip159
\indexcolsep=\skip160
\indexrule=\skip161
\indexmarkstyle=\toks20
\@indexbox=\insert252
\glossarycolsep=\dimen176
\glossaryrule=\dimen177
\sideparvshift=\skip162
\sideins=\insert251
\sidebartopsep=\skip163
\sidebarhsep=\skip164
\sidebarvsep=\skip165
\sidebarwidth=\skip166
\footmarkwidth=\skip167
\footmarksep=\skip168
\footparindent=\skip169
\footinsdim=\skip170
\footinsv@r=\insert250
\@mpfootinsv@r=\insert249
\m@m@k=\count284
\m@m@h=\dimen178
\m@mipn@skip=\skip171
\sidefootins=\insert248
\sidefootadjust=\skip172
\sidefootheight=\skip173
\sidefoothsep=\skip174
\sidefootvsep=\skip175
\sidefootwidth=\skip176
\m@mdownsf=\skip177
\c@sidefootnote=\count285
\sidefootmarkwidth=\skip178
\sidefootmarksep=\skip179
\sidefootparindent=\skip180
\c@pagenote=\count286
\c@pagenoteshadow=\count287
\mem@pn@lastkern=\skip181
\every@verbatim=\toks21
\afterevery@verbatim=\toks22
\verbatim@line=\toks23
\tab@position=\count288
\verbatim@in@stream=\read2
\verbatimindent=\skip182
\verbatim@out=\write3
\bvboxsep=\skip183
\c@memfbvline=\count289
\c@bvlinectr=\count290
\bvnumlength=\skip184
\fb@frw=\dimen179
\fb@frh=\dimen180
\FrameRule=\dimen181
\FrameSep=\dimen182
\c@cp@cntr=\count291
\c@ism@mctr=\count292
\c@xsm@mctr=\count293
\c@csm@mctr=\count294
\c@ksm@mctr=\count295
\c@xksm@mctr=\count296
\c@cksm@mctr=\count297
\c@msm@mctr=\count298
\c@xmsm@mctr=\count299
\c@cmsm@mctr=\count300
\c@bsm@mctr=\count301
\c@workm@mctr=\count302
\c@sheetsequence=\count303
\c@lastsheet=\count304
\c@lastpage=\count305
(C:\Users\andre\AppData\Local\Programs\MiKTeX\tex/latex/textcase\textcase.sty
Package: textcase 2022/06/12 v1.02 Text only upper/lower case changing (DPC)
Package textcase Info: Defining Legacy names on input line 20.
)
\c@figure=\count306
\c@lofdepth=\count307
\cftbeforefigureskip=\skip185
\cftfigureindent=\skip186
\cftfigurenumwidth=\skip187
\c@table=\count308
\c@lotdepth=\count309
\cftbeforetableskip=\skip188
\cfttableindent=\skip189
\cfttablenumwidth=\skip190
Package abstract [2008/07/23] emulated by memoir.
Package appendix [2008/07/23] emulated by memoir.
Package booktabs [2016/05/16] emulated by memoir.
Package ccaption [2008/07/23] emulated by memoir.
Package changepage [2008/07/23] emulated by memoir.
Package chngcntr [2008/07/23] emulated by memoir.
Package chngpage [2008/07/23] emulated by memoir.
Package crop emulated by memoir.
Package enumerate [2008/07/23] emulated by memoir.
Package epigraph [2008/07/23] emulated by memoir.
Package ifmtarg [2008/07/23] emulated by memoir.
Package index [2008/07/23] emulated by memoir.
Package makeidx [2008/07/23] emulated by memoir.
Package moreverb [2008/07/23] emulated by memoir.
Package needspace [2008/07/23] emulated by memoir.
Package newfile [2008/07/23] emulated by memoir.
Package nextpage [2008/07/23] emulated by memoir.
Package pagenote [2008/07/23] emulated by memoir.
Package parskip [2008/07/23] emulated by memoir.
Package patchcmd [2008/07/23] emulated by memoir.
Package setspace [2008/07/23] emulated by memoir.
Package shortvrb [2008/07/23] emulated by memoir.
Package showidx [2008/07/23] emulated by memoir.
Package titleref [2008/07/23] emulated by memoir.
Package titling [2008/07/23] emulated by memoir.
Package tocbibind [2008/07/23] emulated by memoir.
Package tocloft [2008/07/23] emulated by memoir.
Package tocvsec2 [2008/07/23] emulated by memoir.
Package verbatim [2008/07/23] emulated by memoir.
Package verse [2008/07/23] emulated by memoir.
) (C:\Users\andre\AppData\Local\Programs\MiKTeX\tex/latex/amsmath\amsmath.sty
Package: amsmath 2022/04/08 v2.17n AMS math features
\@mathmargin=\skip191
For additional information on amsmath, use the `?' option.
(C:\Users\andre\AppData\Local\Programs\MiKTeX\tex/latex/amsmath\amstext.sty
Package: amstext 2021/08/26 v2.01 AMS text
(C:\Users\andre\AppData\Local\Programs\MiKTeX\tex/latex/amsmath\amsgen.sty
File: amsgen.sty 1999/11/30 v2.0 generic functions
\@emptytoks=\toks24
\ex@=\dimen183
)) (C:\Users\andre\AppData\Local\Programs\MiKTeX\tex/latex/amsmath\amsbsy.sty
Package: amsbsy 1999/11/29 v1.2d Bold Symbols
\pmbraise@=\dimen184
) (C:\Users\andre\AppData\Local\Programs\MiKTeX\tex/latex/amsmath\amsopn.sty
Package: amsopn 2022/04/08 v2.04 operator names
)
\inf@bad=\count310
LaTeX Info: Redefining \frac on input line 234.
\uproot@=\count311
\leftroot@=\count312
LaTeX Info: Redefining \overline on input line 399.
LaTeX Info: Redefining \colon on input line 410.
\classnum@=\count313
\DOTSCASE@=\count314
LaTeX Info: Redefining \ldots on input line 496.
LaTeX Info: Redefining \dots on input line 499.
LaTeX Info: Redefining \cdots on input line 620.
\Mathstrutbox@=\box56
\strutbox@=\box57
LaTeX Info: Redefining \big on input line 722.
LaTeX Info: Redefining \Big on input line 723.
LaTeX Info: Redefining \bigg on input line 724.
LaTeX Info: Redefining \Bigg on input line 725.
\big@size=\dimen185
LaTeX Font Info:    Redeclaring font encoding OML on input line 743.
LaTeX Font Info:    Redeclaring font encoding OMS on input line 744.
\macc@depth=\count315
LaTeX Info: Redefining \bmod on input line 905.
LaTeX Info: Redefining \pmod on input line 910.
LaTeX Info: Redefining \smash on input line 940.
LaTeX Info: Redefining \relbar on input line 970.
LaTeX Info: Redefining \Relbar on input line 971.
\c@MaxMatrixCols=\count316
\dotsspace@=\muskip16
\c@parentequation=\count317
\dspbrk@lvl=\count318
\tag@help=\toks25
\row@=\count319
\column@=\count320
\maxfields@=\count321
\andhelp@=\toks26
\eqnshift@=\dimen186
\alignsep@=\dimen187
\tagshift@=\dimen188
\tagwidth@=\dimen189
\totwidth@=\dimen190
\lineht@=\dimen191
\@envbody=\toks27
\multlinegap=\skip192
\multlinetaggap=\skip193
\mathdisplay@stack=\toks28
LaTeX Info: Redefining \[ on input line 2953.
LaTeX Info: Redefining \] on input line 2954.
) (C:\Users\andre\AppData\Local\Programs\MiKTeX\tex/latex/amsfonts\amssymb.sty
Package: amssymb 2013/01/14 v3.01 AMS font symbols
(C:\Users\andre\AppData\Local\Programs\MiKTeX\tex/latex/amsfonts\amsfonts.sty
Package: amsfonts 2013/01/14 v3.01 Basic AMSFonts support
\symAMSa=\mathgroup4
\symAMSb=\mathgroup5
LaTeX Font Info:    Redeclaring math symbol \hbar on input line 98.
LaTeX Font Info:    Overwriting math alphabet `\mathfrak' in version `bold'
(Font)                  U/euf/m/n --> U/euf/b/n on input line 106.
)) (C:\Users\andre\AppData\Local\Programs\MiKTeX\tex/latex/lm\lmodern.sty
Package: lmodern 2015/05/01 v1.6.1 Latin Modern Fonts
LaTeX Font Info:    Overwriting symbol font `operators' in version `normal'
(Font)                  OT1/cmr/m/n --> OT1/lmr/m/n on input line 22.
LaTeX Font Info:    Overwriting symbol font `letters' in version `normal'
(Font)                  OML/cmm/m/it --> OML/lmm/m/it on input line 23.
LaTeX Font Info:    Overwriting symbol font `symbols' in version `normal'
(Font)                  OMS/cmsy/m/n --> OMS/lmsy/m/n on input line 24.
LaTeX Font Info:    Overwriting symbol font `largesymbols' in version `normal'
(Font)                  OMX/cmex/m/n --> OMX/lmex/m/n on input line 25.
LaTeX Font Info:    Overwriting symbol font `operators' in version `bold'
(Font)                  OT1/cmr/bx/n --> OT1/lmr/bx/n on input line 26.
LaTeX Font Info:    Overwriting symbol font `letters' in version `bold'
(Font)                  OML/cmm/b/it --> OML/lmm/b/it on input line 27.
LaTeX Font Info:    Overwriting symbol font `symbols' in version `bold'
(Font)                  OMS/cmsy/b/n --> OMS/lmsy/b/n on input line 28.
LaTeX Font Info:    Overwriting symbol font `largesymbols' in version `bold'
(Font)                  OMX/cmex/m/n --> OMX/lmex/m/n on input line 29.
LaTeX Font Info:    Overwriting math alphabet `\mathbf' in version `normal'
(Font)                  OT1/cmr/bx/n --> OT1/lmr/bx/n on input line 31.
LaTeX Font Info:    Overwriting math alphabet `\mathsf' in version `normal'
(Font)                  OT1/cmss/m/n --> OT1/lmss/m/n on input line 32.
LaTeX Font Info:    Overwriting math alphabet `\mathit' in version `normal'
(Font)                  OT1/cmr/m/it --> OT1/lmr/m/it on input line 33.
LaTeX Font Info:    Overwriting math alphabet `\mathtt' in version `normal'
(Font)                  OT1/cmtt/m/n --> OT1/lmtt/m/n on input line 34.
LaTeX Font Info:    Overwriting math alphabet `\mathbf' in version `bold'
(Font)                  OT1/cmr/bx/n --> OT1/lmr/bx/n on input line 35.
LaTeX Font Info:    Overwriting math alphabet `\mathsf' in version `bold'
(Font)                  OT1/cmss/bx/n --> OT1/lmss/bx/n on input line 36.
LaTeX Font Info:    Overwriting math alphabet `\mathit' in version `bold'
(Font)                  OT1/cmr/bx/it --> OT1/lmr/bx/it on input line 37.
LaTeX Font Info:    Overwriting math alphabet `\mathtt' in version `bold'
(Font)                  OT1/cmtt/m/n --> OT1/lmtt/m/n on input line 38.
) (C:\Users\andre\AppData\Local\Programs\MiKTeX\tex/latex/base\fontenc.sty
Package: fontenc 2021/04/29 v2.0v Standard LaTeX package
LaTeX Font Info:    Trying to load font information for T1+lmr on input line 11
2.
(C:\Users\andre\AppData\Local\Programs\MiKTeX\tex/latex/lm\t1lmr.fd
File: t1lmr.fd 2015/05/01 v1.6.1 Font defs for Latin Modern
)) (C:\Users\andre\AppData\Local\Programs\MiKTeX\tex/latex/base\inputenc.sty
Package: inputenc 2021/02/14 v1.3d Input encoding file
\inpenc@prehook=\toks29
\inpenc@posthook=\toks30
) (C:\Users\andre\AppData\Local\Programs\MiKTeX\tex/latex/base\textcomp.sty
Package: textcomp 2020/02/02 v2.0n Standard LaTeX package
) (C:\Users\andre\AppData\Local\Programs\MiKTeX\tex/latex/upquote\upquote.sty
Package: upquote 2012/04/19 v1.3 upright-quote and grave-accent glyphs in verba
tim
)
(C:\Users\andre\AppData\Local\Programs\MiKTeX\tex/latex/microtype\microtype.sty
Package: microtype 2022/06/23 v3.0f Micro-typographical refinements (RS)
(C:\Users\andre\AppData\Local\Programs\MiKTeX\tex/latex/graphics\keyval.sty
Package: keyval 2022/05/29 v1.15 key=value parser (DPC)
\KV@toks@=\toks31
)
\MT@toks=\toks32
\MT@tempbox=\box58
\MT@count=\count322
LaTeX Info: Redefining \noprotrusionifhmode on input line 1045.
LaTeX Info: Redefining \leftprotrusion on input line 1046.
LaTeX Info: Redefining \rightprotrusion on input line 1056.
LaTeX Info: Redefining \textls on input line 1234.
\MT@outer@kern=\dimen192
LaTeX Info: Redefining \textmicrotypecontext on input line 1858.
\MT@listname@count=\count323

(C:\Users\andre\AppData\Local\Programs\MiKTeX\tex/latex/microtype\microtype-pdf
tex.def
File: microtype-pdftex.def 2022/06/23 v3.0f Definitions specific to pdftex (RS)

LaTeX Info: Redefining \lsstyle on input line 900.
LaTeX Info: Redefining \lslig on input line 900.
\MT@outer@space=\skip194
)
Package microtype Info: Loading configuration file microtype.cfg.

(C:\Users\andre\AppData\Local\Programs\MiKTeX\tex/latex/microtype\microtype.cfg
File: microtype.cfg 2022/06/23 v3.0f microtype main configuration file (RS)
)) (C:\Users\andre\AppData\Local\Programs\MiKTeX\tex/latex/xcolor\xcolor.sty
Package: xcolor 2022/06/12 v2.14 LaTeX color extensions (UK)
(C:\Users\andre\AppData\Local\Programs\MiKTeX\tex/latex/graphics-cfg\color.cfg
File: color.cfg 2016/01/02 v1.6 sample color configuration
)
Package xcolor Info: Driver file: pdftex.def on input line 227.

(C:\Users\andre\AppData\Local\Programs\MiKTeX\tex/latex/graphics-def\pdftex.def
File: pdftex.def 2020/10/05 v1.2a Graphics/color driver for pdftex
)
(C:\Users\andre\AppData\Local\Programs\MiKTeX\tex/latex-dev/graphics\mathcolor.
ltx)
Package xcolor Info: Model `cmy' substituted by `cmy0' on input line 1353.
Package xcolor Info: Model `hsb' substituted by `rgb' on input line 1357.
Package xcolor Info: Model `RGB' extended on input line 1369.
Package xcolor Info: Model `HTML' substituted by `rgb' on input line 1371.
Package xcolor Info: Model `Hsb' substituted by `hsb' on input line 1372.
Package xcolor Info: Model `tHsb' substituted by `hsb' on input line 1373.
Package xcolor Info: Model `HSB' substituted by `hsb' on input line 1374.
Package xcolor Info: Model `Gray' substituted by `gray' on input line 1375.
Package xcolor Info: Model `wave' substituted by `hsb' on input line 1376.
) (C:\Users\andre\AppData\Local\Programs\MiKTeX\tex/latex/graphics\graphicx.sty
Package: graphicx 2021/09/16 v1.2d Enhanced LaTeX Graphics (DPC,SPQR)
(C:\Users\andre\AppData\Local\Programs\MiKTeX\tex/latex/graphics\graphics.sty
Package: graphics 2022/03/10 v1.4e Standard LaTeX Graphics (DPC,SPQR)
(C:\Users\andre\AppData\Local\Programs\MiKTeX\tex/latex/graphics\trig.sty
Package: trig 2021/08/11 v1.11 sin cos tan (DPC)
)
(C:\Users\andre\AppData\Local\Programs\MiKTeX\tex/latex/graphics-cfg\graphics.c
fg
File: graphics.cfg 2016/06/04 v1.11 sample graphics configuration
)
Package graphics Info: Driver file: pdftex.def on input line 107.
)
\Gin@req@height=\dimen193
\Gin@req@width=\dimen194
)
\cslhangindent=\skip195
\csllabelwidth=\skip196
\cslentryspacingunit=\skip197
(C:\Users\andre\AppData\Local\Programs\MiKTeX\tex/latex/tools\calc.sty
Package: calc 2017/05/25 v4.3 Infix arithmetic (KKT,FJ)
\calc@Acount=\count324
\calc@Bcount=\count325
\calc@Adimen=\dimen195
\calc@Bdimen=\dimen196
\calc@Askip=\skip198
\calc@Bskip=\skip199
LaTeX Info: Redefining \setlength on input line 80.
LaTeX Info: Redefining \addtolength on input line 81.
\calc@Ccount=\count326
\calc@Cskip=\skip256
) (C:\Users\andre\AppData\Local\Programs\MiKTeX\tex/latex/geometry\geometry.sty
Package: geometry 2020/01/02 v5.9 Page Geometry
(C:\Users\andre\AppData\Local\Programs\MiKTeX\tex/generic/iftex\ifvtex.sty
Package: ifvtex 2019/10/25 v1.7 ifvtex legacy package. Use iftex instead.
)
\Gm@cnth=\count327
\Gm@cntv=\count328
\c@Gm@tempcnt=\count329
\Gm@bindingoffset=\dimen197
\Gm@wd@mp=\dimen198
\Gm@odd@mp=\dimen199
\Gm@even@mp=\dimen256
\Gm@layoutwidth=\dimen257
\Gm@layoutheight=\dimen258
\Gm@layouthoffset=\dimen259
\Gm@layoutvoffset=\dimen260
\Gm@dimlist=\toks33
(C:\Users\andre\AppData\Local\Programs\MiKTeX\tex/latex/geometry\geometry.cfg))
(C:\Users\andre\AppData\Local\Programs\MiKTeX\tex/latex/psnfss\mathpazo.sty
Package: mathpazo 2020/03/25 PSNFSS-v9.3 Palatino w/ Pazo Math (D.Puga, WaS) 
\symupright=\mathgroup6
) (C:\Users\andre\AppData\Local\Programs\MiKTeX\tex/generic/babel\babel.sty
Package: babel 2022/06/06 3.76 The Babel package
\babel@savecnt=\count330
\U@D=\dimen261
\l@unhyphenated=\language79
(C:\Users\andre\AppData\Local\Programs\MiKTeX\tex/generic/babel\txtbabel.def)
\bbl@readstream=\read3
\bbl@dirlevel=\count331
*************************************
* Local config file bblopts.cfg used
*
(C:\Users\andre\AppData\Local\Programs\MiKTeX\tex/latex/arabi\bblopts.cfg
File: bblopts.cfg 2005/09/08 v0.1 add Arabic and Farsi to "declared" options of
 babel
)
(C:\Users\andre\AppData\Local\Programs\MiKTeX\tex/latex/babel-spanish\spanish.l
df
Language: spanish.ldf 2021/05/27 v5.0q Spanish support from the babel system
\es@quottoks=\toks34
\es@quotdepth=\count332
Package babel Info: Making " an active character on input line 570.
Package babel Info: Making . an active character on input line 675.
Package babel Info: Making < an active character on input line 722.
Package babel Info: Making > an active character on input line 722.
))
(C:\Users\andre\AppData\Local\Programs\MiKTeX\tex/generic/babel/locale/es\babel
-spanish.tex
Package babel Info: Importing font and identification data for spanish
(babel)             from babel-es.ini. Reported on input line 11.
)
(C:\Users\andre\AppData\Local\Programs\MiKTeX\tex/latex/wallpaper\wallpaper.sty
Package: wallpaper 2005/01/18, v1.01 easy wallpaper formatting (MHFW)
(C:\Users\andre\AppData\Local\Programs\MiKTeX\tex/latex/base\ifthen.sty
Package: ifthen 2022/04/13 v1.1d Standard LaTeX ifthen package (DPC)
) (C:\Users\andre\AppData\Local\Programs\MiKTeX\tex/latex/eso-pic\eso-pic.sty
Package: eso-pic 2020/10/14 v3.0a eso-pic (RN)
\ESO@tempdima=\dimen262
\ESO@tempdimb=\dimen263
)
\wpXoffset=\skip257
\wpYoffset=\skip258
\tileXoffset=\skip259
\tileYoffset=\skip260
\tilewidth=\skip261
\tileheight=\skip262
\tileX=\skip263
\tileY=\skip264
) (C:\Users\andre\AppData\Local\Programs\MiKTeX\tex/latex/tools\multicol.sty
Package: multicol 2021/10/28 v1.9b multicolumn formatting (FMi)
\c@tracingmulticols=\count333
\mult@box=\box59
\multicol@leftmargin=\dimen264
\c@unbalance=\count334
\c@collectmore=\count335
\doublecol@number=\count336
\multicoltolerance=\count337
\multicolpretolerance=\count338
\full@width=\dimen265
\page@free=\dimen266
\premulticols=\dimen267
\postmulticols=\dimen268
\multicolsep=\skip265
\multicolbaselineskip=\skip266
\partial@page=\box60
\last@line=\box61
\maxbalancingoverflow=\dimen269
\mult@rightbox=\box62
\mult@grightbox=\box63
\mult@firstbox=\box64
\mult@gfirstbox=\box65
\@tempa=\box66
\@tempa=\box67
\@tempa=\box68
\@tempa=\box69
\@tempa=\box70
\@tempa=\box71
\@tempa=\box72
\@tempa=\box73
\@tempa=\box74
\@tempa=\box75
\@tempa=\box76
\@tempa=\box77
\@tempa=\box78
\@tempa=\box79
\@tempa=\box80
\@tempa=\box81
\@tempa=\box82
\@tempa=\box83
\@tempa=\box84
\@tempa=\box85
\@tempa=\box86
\@tempa=\box87
\@tempa=\box88
\@tempa=\box89
\@tempa=\box90
\@tempa=\box91
\@tempa=\box92
\@tempa=\box93
\@tempa=\box94
\@tempa=\box95
\@tempa=\box96
\@tempa=\box97
\@tempa=\box98
\@tempa=\box99
\@tempa=\box100
\@tempa=\box101
\c@minrows=\count339
\c@columnbadness=\count340
\c@finalcolumnbadness=\count341
\last@try=\dimen270
\multicolovershoot=\dimen271
\multicolundershoot=\dimen272
\mult@nat@firstbox=\box102
\colbreak@box=\box103
\mc@col@check@num=\count342
) (C:\Users\andre\AppData\Local\Programs\MiKTeX\tex/latex/fancyhdr\fancyhdr.sty
Package: fancyhdr 2022/05/18 v4.0.3 Extensive control of page headers and foote
rs
\f@nch@headwidth=\skip267
\f@nch@O@elh=\skip268
\f@nch@O@erh=\skip269
\f@nch@O@olh=\skip270
\f@nch@O@orh=\skip271
\f@nch@O@elf=\skip272
\f@nch@O@erf=\skip273
\f@nch@O@olf=\skip274
\f@nch@O@orf=\skip275
) (C:\Users\andre\AppData\Local\Programs\MiKTeX\tex/latex/biblatex\biblatex.sty
Package: biblatex 2022/06/22 v3.18 programmable bibliographies (PK/MW)

(C:\Users\andre\AppData\Local\Programs\MiKTeX\tex/generic/pdftexcmds\pdftexcmds
.sty
Package: pdftexcmds 2020-06-27 v0.33 Utility functions of pdfTeX for LuaTeX (HO
)

(C:\Users\andre\AppData\Local\Programs\MiKTeX\tex/generic/infwarerr\infwarerr.s
ty
Package: infwarerr 2019/12/03 v1.5 Providing info/warning/error messages (HO)
) (C:\Users\andre\AppData\Local\Programs\MiKTeX\tex/generic/ltxcmds\ltxcmds.sty
Package: ltxcmds 2020-05-10 v1.25 LaTeX kernel commands for general use (HO)
)
Package pdftexcmds Info: \pdf@primitive is available.
Package pdftexcmds Info: \pdf@ifprimitive is available.
Package pdftexcmds Info: \pdfdraftmode found.
)
(C:\Users\andre\AppData\Local\Programs\MiKTeX\tex/latex/kvoptions\kvoptions.sty
Package: kvoptions 2022-06-15 v3.15 Key value format for package options (HO)

(C:\Users\andre\AppData\Local\Programs\MiKTeX\tex/generic/kvsetkeys\kvsetkeys.s
ty
Package: kvsetkeys 2019/12/15 v1.18 Key value parser (HO)
)) (C:\Users\andre\AppData\Local\Programs\MiKTeX\tex/latex/logreq\logreq.sty
Package: logreq 2010/08/04 v1.0 xml request logger
\lrq@indent=\count343
(C:\Users\andre\AppData\Local\Programs\MiKTeX\tex/latex/logreq\logreq.def
File: logreq.def 2010/08/04 v1.0 logreq spec v1.0
)) (C:\Users\andre\AppData\Local\Programs\MiKTeX\tex/latex/url\url.sty
\Urlmuskip=\muskip17
Package: url 2013/09/16  ver 3.4  Verb mode for urls, etc.
)
\c@tabx@nest=\count344
\c@listtotal=\count345
\c@listcount=\count346
\c@liststart=\count347
\c@liststop=\count348
\c@citecount=\count349
\c@citetotal=\count350
\c@multicitecount=\count351
\c@multicitetotal=\count352
\c@instcount=\count353
\c@maxnames=\count354
\c@minnames=\count355
\c@maxitems=\count356
\c@minitems=\count357
\c@citecounter=\count358
\c@maxcitecounter=\count359
\c@savedcitecounter=\count360
\c@uniquelist=\count361
\c@uniquename=\count362
\c@refsection=\count363
\c@refsegment=\count364
\c@maxextratitle=\count365
\c@maxextratitleyear=\count366
\c@maxextraname=\count367
\c@maxextradate=\count368
\c@maxextraalpha=\count369
\c@abbrvpenalty=\count370
\c@highnamepenalty=\count371
\c@lownamepenalty=\count372
\c@maxparens=\count373
\c@parenlevel=\count374
\blx@tempcnta=\count375
\blx@tempcntb=\count376
\blx@tempcntc=\count377
\c@blx@maxsection=\count378
\blx@maxsegment@0=\count379
\blx@notetype=\count380
\blx@parenlevel@text=\count381
\blx@parenlevel@foot=\count382
\blx@sectionciteorder@0=\count383
\blx@sectionciteorderinternal@0=\count384
\blx@entrysetcounter=\count385
\blx@biblioinstance=\count386
\labelnumberwidth=\skip276
\labelalphawidth=\skip277
\biblabelsep=\skip278
\bibnamesep=\skip279
\bibinitsep=\skip280
\bibparsep=\skip281
\bibhang=\skip282
\blx@bcfin=\read4
\blx@bcfout=\write4
\blx@langwohyphens=\language80
\c@mincomprange=\count387
\c@maxcomprange=\count388
\c@mincompwidth=\count389
Package biblatex Info: Trying to load biblatex default data model...
Package biblatex Info: ... file 'blx-dm.def' found.
(C:\Users\andre\AppData\Local\Programs\MiKTeX\tex/latex/biblatex\blx-dm.def
File: blx-dm.def 2022/06/22 v3.18 biblatex localization (PK/MW)
)
Package biblatex Info: Trying to load biblatex style data model...
Package biblatex Info: ... file 'authoryear.dbx' not found.
Package biblatex Info: Trying to load biblatex custom data model...
Package biblatex Info: ... file 'biblatex-dm.cfg' not found.
\c@afterword=\count390
\c@savedafterword=\count391
\c@annotator=\count392
\c@savedannotator=\count393
\c@author=\count394
\c@savedauthor=\count395
\c@bookauthor=\count396
\c@savedbookauthor=\count397
\c@commentator=\count398
\c@savedcommentator=\count399
\c@editor=\count400
\c@savededitor=\count401
\c@editora=\count402
\c@savededitora=\count403
\c@editorb=\count404
\c@savededitorb=\count405
\c@editorc=\count406
\c@savededitorc=\count407
\c@foreword=\count408
\c@savedforeword=\count409
\c@holder=\count410
\c@savedholder=\count411
\c@introduction=\count412
\c@savedintroduction=\count413
\c@namea=\count414
\c@savednamea=\count415
\c@nameb=\count416
\c@savednameb=\count417
\c@namec=\count418
\c@savednamec=\count419
\c@translator=\count420
\c@savedtranslator=\count421
\c@shortauthor=\count422
\c@savedshortauthor=\count423
\c@shorteditor=\count424
\c@savedshorteditor=\count425
\c@labelname=\count426
\c@savedlabelname=\count427
\c@institution=\count428
\c@savedinstitution=\count429
\c@lista=\count430
\c@savedlista=\count431
\c@listb=\count432
\c@savedlistb=\count433
\c@listc=\count434
\c@savedlistc=\count435
\c@listd=\count436
\c@savedlistd=\count437
\c@liste=\count438
\c@savedliste=\count439
\c@listf=\count440
\c@savedlistf=\count441
\c@location=\count442
\c@savedlocation=\count443
\c@organization=\count444
\c@savedorganization=\count445
\c@origlocation=\count446
\c@savedoriglocation=\count447
\c@origpublisher=\count448
\c@savedorigpublisher=\count449
\c@publisher=\count450
\c@savedpublisher=\count451
\c@language=\count452
\c@savedlanguage=\count453
\c@origlanguage=\count454
\c@savedoriglanguage=\count455
\c@pageref=\count456
\c@savedpageref=\count457
\shorthandwidth=\skip283
\shortjournalwidth=\skip284
\shortserieswidth=\skip285
\shorttitlewidth=\skip286
\shortauthorwidth=\skip287
\shorteditorwidth=\skip288
\locallabelnumberwidth=\skip289
\locallabelalphawidth=\skip290
\localshorthandwidth=\skip291
\localshortjournalwidth=\skip292
\localshortserieswidth=\skip293
\localshorttitlewidth=\skip294
\localshortauthorwidth=\skip295
\localshorteditorwidth=\skip296
Package biblatex Info: Trying to load compatibility code...
Package biblatex Info: ... file 'blx-compat.def' found.

(C:\Users\andre\AppData\Local\Programs\MiKTeX\tex/latex/biblatex\blx-compat.def
File: blx-compat.def 2022/06/22 v3.18 biblatex compatibility (PK/MW)
)
Package biblatex Info: Trying to load BibTeX backend compatibility...
Package biblatex Info: ... file 'blx-bibtex.def' found.

(C:\Users\andre\AppData\Local\Programs\MiKTeX\tex/latex/biblatex\blx-bibtex.def
File: blx-bibtex.def 2022/06/22 v3.18 biblatex compatibility (PK/MW)

Package biblatex Warning: Using fall-back BibTeX(8) backend:
(biblatex)                functionality may be reduced/unavailable.

)
Package biblatex Info: Trying to load generic definitions...
Package biblatex Info: ... file 'biblatex.def' found.
(C:\Users\andre\AppData\Local\Programs\MiKTeX\tex/latex/biblatex\biblatex.def
File: biblatex.def 2022/06/22 v3.18 biblatex compatibility (PK/MW)
\c@textcitecount=\count458
\c@textcitetotal=\count459
\c@textcitemaxnames=\count460
\c@biburlbigbreakpenalty=\count461
\c@biburlbreakpenalty=\count462
\c@biburlnumpenalty=\count463
\c@biburlucpenalty=\count464
\c@biburllcpenalty=\count465
\biburlbigskip=\muskip18
\biburlnumskip=\muskip19
\biburlucskip=\muskip20
\biburllcskip=\muskip21
\c@smartand=\count466
)
Package biblatex Info: Trying to load natbib compatibility...
Package biblatex Info: ... file 'blx-natbib.def' found.

(C:\Users\andre\AppData\Local\Programs\MiKTeX\tex/latex/biblatex\blx-natbib.def
File: blx-natbib.def 2022/06/22 v3.18 biblatex compatibility (PK/MW)
Package biblatex Info: Delimiter 'nameyeardelim' in context '' already defined,
 overwriting.
)
Package biblatex Info: Trying to load bibliography style 'authoryear'...
Package biblatex Info: ... file 'authoryear.bbx' found.

(C:\Users\andre\AppData\Local\Programs\MiKTeX\tex/latex/biblatex/bbx\authoryear
.bbx
File: authoryear.bbx 2022/06/22 v3.18 biblatex bibliography style (PK/MW)
Package biblatex Info: Trying to load bibliography style 'standard'...
Package biblatex Info: ... file 'standard.bbx' found.

(C:\Users\andre\AppData\Local\Programs\MiKTeX\tex/latex/biblatex/bbx\standard.b
bx
File: standard.bbx 2022/06/22 v3.18 biblatex bibliography style (PK/MW)
\c@bbx:relatedcount=\count467
\c@bbx:relatedtotal=\count468
))
Package biblatex Info: Trying to load citation style 'authoryear'...
Package biblatex Info: ... file 'authoryear.cbx' found.

(C:\Users\andre\AppData\Local\Programs\MiKTeX\tex/latex/biblatex/cbx\authoryear
.cbx
File: authoryear.cbx 2022/06/22 v3.18 biblatex citation style (PK/MW)
Package biblatex Info: Redefining '\cite'.
Package biblatex Info: Redefining '\parencite'.
Package biblatex Info: Redefining '\footcite'.
Package biblatex Info: Redefining '\footcitetext'.
Package biblatex Info: Redefining '\smartcite'.
Package biblatex Info: Redefining '\textcite'.
Package biblatex Info: Redefining '\textcites'.
)
Package biblatex Info: Trying to load configuration file...
Package biblatex Info: ... file 'biblatex.cfg' found.
(C:\Users\andre\AppData\Local\Programs\MiKTeX\tex/latex/biblatex\biblatex.cfg
File: biblatex.cfg 
)

Package biblatex Warning: 'firstinits' option is deprecated.
(biblatex)                Please use 'giveninits' instead.

Package biblatex Info: Input encoding 'utf8' detected.
Package biblatex Info: Document encoding is UTF8 ....
(C:\Users\andre\AppData\Local\Programs\MiKTeX\tex/latex/l3kernel\expl3.sty
Package: expl3 2022-06-16 L3 programming layer (loader) 

(C:\Users\andre\AppData\Local\Programs\MiKTeX\tex/latex/l3backend\l3backend-pdf
tex.def
File: l3backend-pdftex.def 2022-04-20 L3 backend support: PDF output (pdfTeX)
\l__color_backend_stack_int=\count469
\l__pdf_internal_box=\box104
))
Package biblatex Info: ... and expl3
(biblatex)             2022-06-16 L3 programming layer (loader) 
(biblatex)             is new enough (at least 2020/04/06),
(biblatex)             setting 'casechanger=expl3'.

(C:\Users\andre\AppData\Local\Programs\MiKTeX\tex/latex/biblatex\blx-case-expl3
.sty
(C:\Users\andre\AppData\Local\Programs\MiKTeX\tex/latex/l3packages/xparse\xpars
e.sty
Package: xparse 2022-06-22 L3 Experimental document command parser
)
Package: blx-case-expl3 2022/06/22 v3.18 expl3 case changing code for biblatex
)) (C:\Users\andre\AppData\Local\Programs\MiKTeX\tex/latex/float\float.sty
Package: float 2001/11/08 v1.3d Float enhancements (AL)
\c@float@type=\count470
\float@exts=\toks35
\float@box=\box105
\@float@everytoks=\toks36
\@floatcapt=\box106
) (C:\Users\andre\AppData\Local\Programs\MiKTeX\tex/latex/tools\longtable.sty
Package: longtable 2021-09-01 v4.17 Multi-page Table package (DPC)
\LTleft=\skip297
\LTright=\skip298
\LTpre=\skip299
\LTpost=\skip300
\LTchunksize=\count471
\LTcapwidth=\dimen273
\LT@head=\box107
\LT@firsthead=\box108
\LT@foot=\box109
\LT@lastfoot=\box110
\LT@gbox=\box111
\LT@cols=\count472
\LT@rows=\count473
\c@LT@tables=\count474
\c@LT@chunks=\count475
\LT@p@ftn=\toks37
) (C:\Users\andre\AppData\Local\Programs\MiKTeX\tex/latex/multirow\multirow.sty
Package: multirow 2021/03/15 v2.8 Span multiple rows of a table
\multirow@colwidth=\skip301
\multirow@cntb=\count476
\multirow@dima=\skip302
\bigstrutjot=\dimen274
) (C:\Users\andre\AppData\Local\Programs\MiKTeX\tex/latex/wrapfig\wrapfig.sty
\wrapoverhang=\dimen275
\WF@size=\dimen276
\c@WF@wrappedlines=\count477
\WF@box=\box112
\WF@everypar=\toks38
Package: wrapfig 2003/01/31  v 3.6
) (C:\Users\andre\AppData\Local\Programs\MiKTeX\tex/latex/colortbl\colortbl.sty
Package: colortbl 2020/01/04 v1.0e Color table columns (DPC)
\everycr=\toks39
\minrowclearance=\skip303
)
(C:\Users\andre\AppData\Local\Programs\MiKTeX\tex/latex/pdflscape\pdflscape.sty
Package: pdflscape 2019/12/05 v0.12 Display of landscape pages in PDF (HO)
(C:\Users\andre\AppData\Local\Programs\MiKTeX\tex/latex/graphics\lscape.sty
Package: lscape 2020/05/28 v3.02 Landscape Pages (DPC)
)
Package pdflscape Info: Auto-detected driver: pdftex on input line 81.
) (C:\Users\andre\AppData\Local\Programs\MiKTeX\tex/latex/tabu\tabu.sty
Package: tabu 2019/01/11 v2.9 - flexible LaTeX tabulars (FC+tabu-fixed)
(C:\Users\andre\AppData\Local\Programs\MiKTeX\tex/latex/varwidth\varwidth.sty
Package: varwidth 2009/03/30 ver 0.92;  Variable-width minipages
\@vwid@box=\box113
\sift@deathcycles=\count478
\@vwid@loff=\dimen277
\@vwid@roff=\dimen278
)
\c@taburow=\count479
\tabu@nbcols=\count480
\tabu@cnt=\count481
\tabu@Xcol=\count482
\tabu@alloc=\count483
\tabu@nested=\count484
\tabu@target=\dimen279
\tabu@spreadtarget=\dimen280
\tabu@naturalX=\dimen281
\tabucolX=\dimen282
\tabu@Xsum=\dimen283
\extrarowdepth=\dimen284
\abovetabulinesep=\dimen285
\belowtabulinesep=\dimen286
\tabustrutrule=\dimen287
\tabu@thebody=\toks40
\tabu@footnotes=\toks41
\tabu@box=\box114
\tabu@arstrutbox=\box115
\tabu@hleads=\box116
\tabu@vleads=\box117
\tabu@cellskip=\skip304
)
(C:\Users\andre\AppData\Local\Programs\MiKTeX\tex/latex/threeparttable\threepar
ttable.sty
Package: threeparttable 2003/06/13  v 3.0
\@tempboxb=\box118
)
(C:\Users\andre\AppData\Local\Programs\MiKTeX\tex/latex/threeparttablex\threepa
rttablex.sty
Package: threeparttablex 2013/07/23 v0.3 by daleif
(C:\Users\andre\AppData\Local\Programs\MiKTeX\tex/latex/environ\environ.sty
Package: environ 2014/05/04 v0.3 A new way to define environments

(C:\Users\andre\AppData\Local\Programs\MiKTeX\tex/latex/trimspaces\trimspaces.s
ty
Package: trimspaces 2009/09/17 v1.1 Trim spaces around a token list
))
\TPTL@width=\skip305
) (C:\Users\andre\AppData\Local\Programs\MiKTeX\tex/latex/ulem\ulem.sty
\UL@box=\box119
\UL@hyphenbox=\box120
\UL@skip=\skip306
\UL@hook=\toks42
\UL@height=\dimen288
\UL@pe=\count485
\UL@pixel=\dimen289
\ULC@box=\box121
Package: ulem 2019/11/18
\ULdepth=\dimen290
) (C:\Users\andre\AppData\Local\Programs\MiKTeX\tex/latex/makecell\makecell.sty
Package: makecell 2009/08/03 V0.1e Managing of Tab Column Heads and Cells
\rotheadsize=\dimen291
\c@nlinenum=\count486
\TeXr@lab=\toks43
) (C:\Users\andre\AppData\Local\Programs\MiKTeX\tex/latex/bookmark\bookmark.sty
Package: bookmark 2020-11-06 v1.29 PDF bookmarks (HO)
(C:\Users\andre\AppData\Local\Programs\MiKTeX\tex/latex/hyperref\hyperref.sty
Package: hyperref 2022-06-20 v7.00s Hypertext links for LaTeX

(C:\Users\andre\AppData\Local\Programs\MiKTeX\tex/generic/kvdefinekeys\kvdefine
keys.sty
Package: kvdefinekeys 2019-12-19 v1.6 Define keys (HO)
)
(C:\Users\andre\AppData\Local\Programs\MiKTeX\tex/generic/pdfescape\pdfescape.s
ty
Package: pdfescape 2019/12/09 v1.15 Implements pdfTeX's escape features (HO)
) (C:\Users\andre\AppData\Local\Programs\MiKTeX\tex/latex/hycolor\hycolor.sty
Package: hycolor 2020-01-27 v1.10 Color options for hyperref/bookmark (HO)
)
(C:\Users\andre\AppData\Local\Programs\MiKTeX\tex/latex/letltxmacro\letltxmacro
.sty
Package: letltxmacro 2019/12/03 v1.6 Let assignment for LaTeX macros (HO)
) (C:\Users\andre\AppData\Local\Programs\MiKTeX\tex/latex/auxhook\auxhook.sty
Package: auxhook 2019-12-17 v1.6 Hooks for auxiliary files (HO)
) (C:\Users\andre\AppData\Local\Programs\MiKTeX\tex/latex/hyperref\nameref.sty
Package: nameref 2022-05-17 v2.50 Cross-referencing by name of section
(C:\Users\andre\AppData\Local\Programs\MiKTeX\tex/latex/refcount\refcount.sty
Package: refcount 2019/12/15 v3.6 Data extraction from label references (HO)
)
(C:\Users\andre\AppData\Local\Programs\MiKTeX\tex/generic/gettitlestring\gettit
lestring.sty
Package: gettitlestring 2019/12/15 v1.6 Cleanup title references (HO)
)
\c@section@level=\count487
)
\@linkdim=\dimen292
\Hy@linkcounter=\count488
\Hy@pagecounter=\count489
(C:\Users\andre\AppData\Local\Programs\MiKTeX\tex/latex/hyperref\pd1enc.def
File: pd1enc.def 2022-06-20 v7.00s Hyperref: PDFDocEncoding definition (HO)
Now handling font encoding PD1 ...
... no UTF-8 mapping file for font encoding PD1
) (C:\Users\andre\AppData\Local\Programs\MiKTeX\tex/generic/intcalc\intcalc.sty
Package: intcalc 2019/12/15 v1.3 Expandable calculations with integers (HO)
)
(C:\Users\andre\AppData\Local\Programs\MiKTeX\tex/generic/etexcmds\etexcmds.sty
Package: etexcmds 2019/12/15 v1.7 Avoid name clashes with e-TeX commands (HO)
)
\Hy@SavedSpaceFactor=\count490
(C:\Users\andre\AppData\Local\Programs\MiKTeX\tex/latex/hyperref\puenc.def
File: puenc.def 2022-06-20 v7.00s Hyperref: PDF Unicode definition (HO)
Now handling font encoding PU ...
... no UTF-8 mapping file for font encoding PU
)
Package hyperref Info: Option `unicode' set `true' on input line 4045.
Package hyperref Info: Hyper figures OFF on input line 4162.
Package hyperref Info: Link nesting OFF on input line 4167.
Package hyperref Info: Hyper index ON on input line 4170.
Package hyperref Info: Plain pages OFF on input line 4177.
Package hyperref Info: Backreferencing OFF on input line 4182.
Package hyperref Info: Implicit mode ON; LaTeX internals redefined.
Package hyperref Info: Bookmarks ON on input line 4408.
\c@Hy@tempcnt=\count491
LaTeX Info: Redefining \url on input line 4746.
\XeTeXLinkMargin=\dimen293
(C:\Users\andre\AppData\Local\Programs\MiKTeX\tex/generic/bitset\bitset.sty
Package: bitset 2019/12/09 v1.3 Handle bit-vector datatype (HO)

(C:\Users\andre\AppData\Local\Programs\MiKTeX\tex/generic/bigintcalc\bigintcalc
.sty
Package: bigintcalc 2019/12/15 v1.5 Expandable calculations on big integers (HO
)
))
\Fld@menulength=\count492
\Field@Width=\dimen294
\Fld@charsize=\dimen295
Package hyperref Info: Hyper figures OFF on input line 6024.
Package hyperref Info: Link nesting OFF on input line 6029.
Package hyperref Info: Hyper index ON on input line 6032.
Package hyperref Info: backreferencing OFF on input line 6039.
Package hyperref Info: Link coloring OFF on input line 6044.
Package hyperref Info: Link coloring with OCG OFF on input line 6049.
Package hyperref Info: PDF/A mode OFF on input line 6054.
(C:\Users\andre\AppData\Local\Programs\MiKTeX\tex/latex/base\atbegshi-ltx.sty
Package: atbegshi-ltx 2021/01/10 v1.0c Emulation of the original atbegshi
package with kernel methods
)
\Hy@abspage=\count493
\c@Item=\count494
\c@Hfootnote=\count495
)
Package hyperref Info: Driver (autodetected): hpdftex.
(C:\Users\andre\AppData\Local\Programs\MiKTeX\tex/latex/hyperref\hpdftex.def
File: hpdftex.def 2022-06-20 v7.00s Hyperref driver for pdfTeX
(C:\Users\andre\AppData\Local\Programs\MiKTeX\tex/latex/base\atveryend-ltx.sty
Package: atveryend-ltx 2020/08/19 v1.0a Emulation of the original atveryend pac
kage
with kernel methods
)
\Fld@listcount=\count496
\c@bookmark@seq@number=\count497

(C:\Users\andre\AppData\Local\Programs\MiKTeX\tex/latex/rerunfilecheck\rerunfil
echeck.sty
Package: rerunfilecheck 2019/12/05 v1.9 Rerun checks for auxiliary files (HO)

(C:\Users\andre\AppData\Local\Programs\MiKTeX\tex/generic/uniquecounter\uniquec
ounter.sty
Package: uniquecounter 2019/12/15 v1.4 Provide unlimited unique counter (HO)
)
Package uniquecounter Info: New unique counter `rerunfilecheck' on input line 2
86.
)
\Hy@SectionHShift=\skip307
) (C:\Users\andre\AppData\Local\Programs\MiKTeX\tex/latex/memoir\memhfixc.sty
Package: memhfixc 2021/06/16 v1.19 nameref/hyperref package fixes for memoir cl
ass
Redoing nameref's sectioning
Redoing nameref's label
LaTeX Info: Redefining \nameref on input line 102.
\c@memhycontfloat=\count498
\c@Hpagenote=\count499
)
(C:\Users\andre\AppData\Local\Programs\MiKTeX\tex/latex/bookmark\bkm-pdftex.def
File: bkm-pdftex.def 2020-11-06 v1.29 bookmark driver for pdfTeX (HO)
\BKM@id=\count500
)) (C:\Users\andre\AppData\Local\Programs\MiKTeX\tex/latex/xurl\xurl.sty
Package: xurl 2022/01/09 v 0.10 modify URL breaks
xurl: Set penalties for biblatex
)

Package biblatex Warning: 'babel/polyglossia' detected but 'csquotes' missing.
(biblatex)                Loading 'csquotes' recommended.

\@quotelevel=\count501
\@quotereset=\count502

Package biblatex Warning: Conflicting options.
(biblatex)                '<namepart>inits' conflicts with 'uniquename=full'.
(biblatex)                Setting 'uniquename=init' on input line 167.

LaTeX Font Info:    Trying to load font information for T1+ppl on input line 16
7.
(C:\Users\andre\AppData\Local\Programs\MiKTeX\tex/latex/psnfss\t1ppl.fd
File: t1ppl.fd 2001/06/04 font definitions for T1/ppl.
) (Bitacoras_Grupo5.aux
LaTeX Info: Redefining \. on input line 28.
LaTeX Info: Redefining \% on input line 28.

LaTeX Warning: Label `tab:my-table' multiply defined.

)
\openout1 = `Bitacoras_Grupo5.aux'.

LaTeX Font Info:    Checking defaults for OML/cmm/m/it on input line 167.
LaTeX Font Info:    ... okay on input line 167.
LaTeX Font Info:    Checking defaults for OMS/cmsy/m/n on input line 167.
LaTeX Font Info:    ... okay on input line 167.
LaTeX Font Info:    Checking defaults for OT1/cmr/m/n on input line 167.
LaTeX Font Info:    ... okay on input line 167.
LaTeX Font Info:    Checking defaults for T1/cmr/m/n on input line 167.
LaTeX Font Info:    ... okay on input line 167.
LaTeX Font Info:    Checking defaults for TS1/cmr/m/n on input line 167.
LaTeX Font Info:    ... okay on input line 167.
LaTeX Font Info:    Checking defaults for OMX/cmex/m/n on input line 167.
LaTeX Font Info:    ... okay on input line 167.
LaTeX Font Info:    Checking defaults for U/cmr/m/n on input line 167.
LaTeX Font Info:    ... okay on input line 167.
LaTeX Font Info:    Checking defaults for PD1/pdf/m/n on input line 167.
LaTeX Font Info:    ... okay on input line 167.
LaTeX Font Info:    Checking defaults for PU/pdf/m/n on input line 167.
LaTeX Font Info:    ... okay on input line 167.
LaTeX Info: Redefining \microtypecontext on input line 167.
Package microtype Info: Applying patch `item' on input line 167.
Package microtype Info: Applying patch `toc' on input line 167.
Package microtype Info: Applying patch `eqnum' on input line 167.
Package microtype Info: Applying patch `footnote' on input line 167.
Package microtype Info: Generating PDF output.
Package microtype Info: Character protrusion enabled (level 2).
Package microtype Info: Using protrusion set `basicmath'.
Package microtype Info: Automatic font expansion enabled (level 2),
(microtype)             stretch: 20, shrink: 20, step: 1, non-selected.
Package microtype Info: Using default expansion set `alltext-nott'.
LaTeX Info: Redefining \showhyphens on input line 167.
Package microtype Info: No adjustment of tracking.
Package microtype Info: No adjustment of interword spacing.
Package microtype Info: No adjustment of character kerning.
(C:\Users\andre\AppData\Local\Programs\MiKTeX\tex/latex/microtype\mt-ppl.cfg
File: mt-ppl.cfg 2005/11/16 v1.6 microtype config. file: Palatino (RS)
)
(C:\Users\andre\AppData\Local\Programs\MiKTeX\tex/context/base/mkii\supp-pdf.mk
ii
[Loading MPS to PDF converter (version 2006.09.02).]
\scratchcounter=\count503
\scratchdimen=\dimen296
\scratchbox=\box122
\nofMPsegments=\count504
\nofMParguments=\count505
\everyMPshowfont=\toks44
\MPscratchCnt=\count506
\MPscratchDim=\dimen297
\MPnumerator=\count507
\makeMPintoPDFobject=\count508
\everyMPtoPDFconversion=\toks45
)
(C:\Users\andre\AppData\Local\Programs\MiKTeX\tex/latex/epstopdf-pkg\epstopdf-b
ase.sty
Package: epstopdf-base 2020-01-24 v2.11 Base part for package epstopdf
Package epstopdf-base Info: Redefining graphics rule for `.eps' on input line 4
85.

(C:\Users\andre\AppData\Local\Programs\MiKTeX\tex/latex/00miktex\epstopdf-sys.c
fg
File: epstopdf-sys.cfg 2021/03/18 v2.0 Configuration of epstopdf for MiKTeX
))
*geometry* driver: auto-detecting
*geometry* detected driver: pdftex
*geometry* verbose mode - [ preamble ] result:
* driver: pdftex
* paper: <default>
* layout: <same size as paper>
* layoutoffset:(h,v)=(0.0pt,0.0pt)
* modes: 
* h-part:(L,W,R)=(85.35826pt, 443.57848pt, 85.35826pt)
* v-part:(T,H,B)=(85.35826pt, 624.25346pt, 85.35826pt)
* \paperwidth=614.295pt
* \paperheight=794.96999pt
* \textwidth=443.57848pt
* \textheight=624.25346pt
* \oddsidemargin=13.08827pt
* \evensidemargin=13.08827pt
* \topmargin=-16.97922pt
* \headheight=12.0pt
* \headsep=18.06749pt
* \topskip=10.0pt
* \footskip=25.29494pt
* \marginparwidth=71.0pt
* \marginparsep=7.0pt
* \columnsep=10.0pt
* \skip\footins=12.0pt plus 4.0pt minus 4.0pt
* \hoffset=0.0pt
* \voffset=0.0pt
* \mag=1000
* \@twocolumnfalse
* \@twosidefalse
* \@mparswitchfalse
* \@reversemarginfalse
* (1in=72.27pt=25.4mm, 1cm=28.453pt)

LaTeX Info: Redefining \. on input line 167.
LaTeX Info: Redefining \% on input line 167.
Package biblatex Info: Trying to load language 'spanish'...
Package biblatex Info: ... file 'spanish.lbx' found.

(C:\Users\andre\AppData\Local\Programs\MiKTeX\tex/latex/biblatex/lbx\spanish.lb
x
File: spanish.lbx 2022/06/22 v3.18 biblatex localization (PK/MW)
)
Package biblatex Info: Input encoding 'utf8' detected.
Package biblatex Info: Automatic encoding selection.
(biblatex)             Assuming data encoding 'utf8'.
Package biblatex Info: Input encoding 'utf8' detected.
Package biblatex Info: Data encoding 'utf8' specified.
(biblatex)             No need to reencode data.
\openout4 = `Bitacoras_Grupo5-blx.bib'.

Package biblatex Info: Trying to load bibliographic data...
Package biblatex Info: ... file 'Bitacoras_Grupo5.bbl' found.
(Bitacoras_Grupo5.bbl)
Package biblatex Info: Reference section=0 on input line 167.
Package biblatex Info: Reference segment=0 on input line 167.
Package hyperref Info: Link coloring OFF on input line 167.
LaTeX Font Info:    Trying to load font information for OT1+ppl on input line 2
00.
(C:\Users\andre\AppData\Local\Programs\MiKTeX\tex/latex/psnfss\ot1ppl.fd
File: ot1ppl.fd 2001/06/04 font definitions for OT1/ppl.
)
LaTeX Font Info:    Trying to load font information for OML+zplm on input line 
200.
(C:\Users\andre\AppData\Local\Programs\MiKTeX\tex/latex/psnfss\omlzplm.fd
File: omlzplm.fd 2002/09/08 Fontinst v1.914 font definitions for OML/zplm.
)
LaTeX Font Info:    Trying to load font information for OMS+zplm on input line 
200.
(C:\Users\andre\AppData\Local\Programs\MiKTeX\tex/latex/psnfss\omszplm.fd
File: omszplm.fd 2002/09/08 Fontinst v1.914 font definitions for OMS/zplm.
)
LaTeX Font Info:    Trying to load font information for OMX+zplm on input line 
200.
(C:\Users\andre\AppData\Local\Programs\MiKTeX\tex/latex/psnfss\omxzplm.fd
File: omxzplm.fd 2002/09/08 Fontinst v1.914 font definitions for OMX/zplm.
)
LaTeX Font Info:    Font shape `U/msa/m/n' will be
(Font)              scaled to size 12.50409pt on input line 200.
(C:\Users\andre\AppData\Local\Programs\MiKTeX\tex/latex/microtype\mt-msa.cfg
File: mt-msa.cfg 2006/02/04 v1.1 microtype config. file: AMS symbols (a) (RS)
)
LaTeX Font Info:    Font shape `U/msa/m/n' will be
(Font)              scaled to size 9.37807pt on input line 200.
LaTeX Font Info:    Font shape `U/msa/m/n' will be
(Font)              scaled to size 7.29405pt on input line 200.
LaTeX Font Info:    Font shape `U/msb/m/n' will be
(Font)              scaled to size 12.50409pt on input line 200.
(C:\Users\andre\AppData\Local\Programs\MiKTeX\tex/latex/microtype\mt-msb.cfg
File: mt-msb.cfg 2005/06/01 v1.0 microtype config. file: AMS symbols (b) (RS)
)
LaTeX Font Info:    Font shape `U/msb/m/n' will be
(Font)              scaled to size 9.37807pt on input line 200.
LaTeX Font Info:    Font shape `U/msb/m/n' will be
(Font)              scaled to size 7.29405pt on input line 200.
LaTeX Font Info:    Trying to load font information for OT1+zplm on input line 
200.
(C:\Users\andre\AppData\Local\Programs\MiKTeX\tex/latex/psnfss\ot1zplm.fd
File: ot1zplm.fd 2002/09/08 Fontinst v1.914 font definitions for OT1/zplm.
)
<images/ucr_marca_de_agua.png, id=3, 180.675pt x 68.255pt>
File: images/ucr_marca_de_agua.png Graphic file (type png)
<use images/ucr_marca_de_agua.png>
Package pdftex.def Info: images/ucr_marca_de_agua.png  used on input line 216.
(pdftex.def)             Requested size: 150.63287pt x 56.90575pt.
<images/EMat_escuela_matematica_horizontal_1.png, id=5, 128.8815pt x 23.1264pt>

File: images/EMat_escuela_matematica_horizontal_1.png Graphic file (type png)
<use images/EMat_escuela_matematica_horizontal_1.png>
Package pdftex.def Info: images/EMat_escuela_matematica_horizontal_1.png  used 
on input line 217.
(pdftex.def)             Requested size: 128.88707pt x 23.1274pt.
<images/granosgirasol.png, id=6, 623.32875pt x 620.3175pt>
File: images/granosgirasol.png Graphic file (type png)
<use images/granosgirasol.png>
Package pdftex.def Info: images/granosgirasol.png  used on input line 230.
(pdftex.def)             Requested size: 307.14578pt x 305.66199pt.
[1


{C:/Users/andre/AppData/Local/MiKTeX/fonts/map/pdftex/pdftex.map} <./images/gra
nosgirasol.png> <./images/ucr_marca_de_agua.png> <./images/EMat_escuela_matemat
ica_horizontal_1.png>]
LaTeX Font Info:    Trying to load font information for T1+lmss on input line 2
40.
(C:\Users\andre\AppData\Local\Programs\MiKTeX\tex/latex/lm\t1lmss.fd
File: t1lmss.fd 2015/05/01 v1.6.1 Font defs for Latin Modern
) (Bitacoras_Grupo5.toc
LaTeX Info: Redefining \sptext on input line 1.
LaTeX Info: Redefining \. on input line 1.
LaTeX Info: Redefining \% on input line 1.
LaTeX Font Info:    Font shape `U/msa/m/n' will be
(Font)              scaled to size 10.42007pt on input line 2.
LaTeX Font Info:    Font shape `U/msa/m/n' will be
(Font)              scaled to size 7.91925pt on input line 2.
LaTeX Font Info:    Font shape `U/msa/m/n' will be
(Font)              scaled to size 6.25204pt on input line 2.
LaTeX Font Info:    Font shape `U/msb/m/n' will be
(Font)              scaled to size 10.42007pt on input line 2.
LaTeX Font Info:    Font shape `U/msb/m/n' will be
(Font)              scaled to size 7.91925pt on input line 2.
LaTeX Font Info:    Font shape `U/msb/m/n' will be
(Font)              scaled to size 6.25204pt on input line 2.
)
pdfTeX warning (ext4): destination with the same identifier (name{page.I}) has 
been already used, duplicate ignored
<to be read again> 
                   \relax 
l.242 \hypertarget
                  {bituxe1cora-1}{% [1

]
LaTeX Info: Redefining \. on input line 242.
LaTeX Info: Redefining \% on input line 242.

Package fancyhdr Warning: \headheight is too small (12.0pt): 
(fancyhdr)                Make it at least 12.77002pt, for example:
(fancyhdr)                \setlength{\headheight}{12.77002pt}.
(fancyhdr)                You might also make \topmargin smaller to compensate:

(fancyhdr)                \addtolength{\topmargin}{-0.77002pt}.

[2]
LaTeX Font Info:    Font shape `T1/lmss/m/it' in size <12> not available
(Font)              Font shape `T1/lmss/m/sl' tried instead on input line 243.
[1


]
LaTeX Info: Redefining \. on input line 386.
LaTeX Info: Redefining \% on input line 386.
LaTeX Info: Redefining \. on input line 386.
LaTeX Info: Redefining \% on input line 386.

Package fancyhdr Warning: \headheight is too small (12.0pt): 
(fancyhdr)                Make it at least 12.77002pt, for example:
(fancyhdr)                \setlength{\headheight}{12.77002pt}.
(fancyhdr)                You might also make \topmargin smaller to compensate:

(fancyhdr)                \addtolength{\topmargin}{-0.77002pt}.

[2]
LaTeX Info: Redefining \. on input line 461.
LaTeX Info: Redefining \% on input line 461.
LaTeX Info: Redefining \. on input line 461.
LaTeX Info: Redefining \% on input line 461.

Package fancyhdr Warning: \headheight is too small (12.0pt): 
(fancyhdr)                Make it at least 12.77002pt, for example:
(fancyhdr)                \setlength{\headheight}{12.77002pt}.
(fancyhdr)                You might also make \topmargin smaller to compensate:

(fancyhdr)                \addtolength{\topmargin}{-0.77002pt}.

[3]
LaTeX Info: Redefining \. on input line 538.
LaTeX Info: Redefining \% on input line 538.
LaTeX Info: Redefining \. on input line 538.
LaTeX Info: Redefining \% on input line 538.

Package fancyhdr Warning: \headheight is too small (12.0pt): 
(fancyhdr)                Make it at least 12.77002pt, for example:
(fancyhdr)                \setlength{\headheight}{12.77002pt}.
(fancyhdr)                You might also make \topmargin smaller to compensate:

(fancyhdr)                \addtolength{\topmargin}{-0.77002pt}.

[4]
LaTeX Info: Redefining \. on input line 620.
LaTeX Info: Redefining \% on input line 620.
LaTeX Info: Redefining \. on input line 620.
LaTeX Info: Redefining \% on input line 620.

Package fancyhdr Warning: \headheight is too small (12.0pt): 
(fancyhdr)                Make it at least 12.77002pt, for example:
(fancyhdr)                \setlength{\headheight}{12.77002pt}.
(fancyhdr)                You might also make \topmargin smaller to compensate:

(fancyhdr)                \addtolength{\topmargin}{-0.77002pt}.

[5]
LaTeX Info: Redefining \. on input line 677.
LaTeX Info: Redefining \% on input line 677.
LaTeX Info: Redefining \. on input line 677.
LaTeX Info: Redefining \% on input line 677.

Package fancyhdr Warning: \headheight is too small (12.0pt): 
(fancyhdr)                Make it at least 12.77002pt, for example:
(fancyhdr)                \setlength{\headheight}{12.77002pt}.
(fancyhdr)                You might also make \topmargin smaller to compensate:

(fancyhdr)                \addtolength{\topmargin}{-0.77002pt}.

[6] [7

]
LaTeX Info: Redefining \. on input line 824.
LaTeX Info: Redefining \% on input line 824.
LaTeX Info: Redefining \. on input line 824.
LaTeX Info: Redefining \% on input line 824.

Package fancyhdr Warning: \headheight is too small (12.0pt): 
(fancyhdr)                Make it at least 12.77002pt, for example:
(fancyhdr)                \setlength{\headheight}{12.77002pt}.
(fancyhdr)                You might also make \topmargin smaller to compensate:

(fancyhdr)                \addtolength{\topmargin}{-0.77002pt}.

[8]
LaTeX Info: Redefining \. on input line 828.
LaTeX Info: Redefining \% on input line 828.
LaTeX Info: Redefining \. on input line 828.
LaTeX Info: Redefining \% on input line 828.

Package fancyhdr Warning: \headheight is too small (12.0pt): 
(fancyhdr)                Make it at least 12.77002pt, for example:
(fancyhdr)                \setlength{\headheight}{12.77002pt}.
(fancyhdr)                You might also make \topmargin smaller to compensate:

(fancyhdr)                \addtolength{\topmargin}{-0.77002pt}.

[9]
LaTeX Info: Redefining \. on input line 871.
LaTeX Info: Redefining \% on input line 871.
LaTeX Info: Redefining \. on input line 871.
LaTeX Info: Redefining \% on input line 871.

Package fancyhdr Warning: \headheight is too small (12.0pt): 
(fancyhdr)                Make it at least 12.77002pt, for example:
(fancyhdr)                \setlength{\headheight}{12.77002pt}.
(fancyhdr)                You might also make \topmargin smaller to compensate:

(fancyhdr)                \addtolength{\topmargin}{-0.77002pt}.

[10]
LaTeX Font Info:    Trying to load font information for TS1+ppl on input line 8
76.
(C:\Users\andre\AppData\Local\Programs\MiKTeX\tex/latex/psnfss\ts1ppl.fd
File: ts1ppl.fd 2001/06/04 font definitions for TS1/ppl.
)
<Bitacoras_Grupo5_files/figure-latex/Graph6-1.pdf, id=160, 289.08pt x 216.81pt>

File: Bitacoras_Grupo5_files/figure-latex/Graph6-1.pdf Graphic file (type pdf)
<use Bitacoras_Grupo5_files/figure-latex/Graph6-1.pdf>
Package pdftex.def Info: Bitacoras_Grupo5_files/figure-latex/Graph6-1.pdf  used
 on input line 923.
(pdftex.def)             Requested size: 289.09251pt x 216.81938pt.
LaTeX Info: Redefining \. on input line 934.
LaTeX Info: Redefining \% on input line 934.
LaTeX Info: Redefining \. on input line 934.
LaTeX Info: Redefining \% on input line 934.

Package fancyhdr Warning: \headheight is too small (12.0pt): 
(fancyhdr)                Make it at least 12.77002pt, for example:
(fancyhdr)                \setlength{\headheight}{12.77002pt}.
(fancyhdr)                You might also make \topmargin smaller to compensate:

(fancyhdr)                \addtolength{\topmargin}{-0.77002pt}.

[11 <./Bitacoras_Grupo5_files/figure-latex/Graph6-1.pdf>]
<Bitacoras_Grupo5_files/figure-latex/Graph5-1.pdf, id=176, 289.08pt x 216.81pt>

File: Bitacoras_Grupo5_files/figure-latex/Graph5-1.pdf Graphic file (type pdf)
<use Bitacoras_Grupo5_files/figure-latex/Graph5-1.pdf>
Package pdftex.def Info: Bitacoras_Grupo5_files/figure-latex/Graph5-1.pdf  used
 on input line 937.
(pdftex.def)             Requested size: 289.09251pt x 216.81938pt.
<Bitacoras_Grupo5_files/figure-latex/Graph3-1.pdf, id=177, 289.08pt x 216.81pt>

File: Bitacoras_Grupo5_files/figure-latex/Graph3-1.pdf Graphic file (type pdf)
<use Bitacoras_Grupo5_files/figure-latex/Graph3-1.pdf>
Package pdftex.def Info: Bitacoras_Grupo5_files/figure-latex/Graph3-1.pdf  used
 on input line 981.
(pdftex.def)             Requested size: 289.09251pt x 216.81938pt.
LaTeX Info: Redefining \. on input line 984.
LaTeX Info: Redefining \% on input line 984.
LaTeX Info: Redefining \. on input line 984.
LaTeX Info: Redefining \% on input line 984.

Package fancyhdr Warning: \headheight is too small (12.0pt): 
(fancyhdr)                Make it at least 12.77002pt, for example:
(fancyhdr)                \setlength{\headheight}{12.77002pt}.
(fancyhdr)                You might also make \topmargin smaller to compensate:

(fancyhdr)                \addtolength{\topmargin}{-0.77002pt}.

[12 <./Bitacoras_Grupo5_files/figure-latex/Graph5-1.pdf>]
LaTeX Info: Redefining \. on input line 1039.
LaTeX Info: Redefining \% on input line 1039.
LaTeX Info: Redefining \. on input line 1039.
LaTeX Info: Redefining \% on input line 1039.

Package fancyhdr Warning: \headheight is too small (12.0pt): 
(fancyhdr)                Make it at least 12.77002pt, for example:
(fancyhdr)                \setlength{\headheight}{12.77002pt}.
(fancyhdr)                You might also make \topmargin smaller to compensate:

(fancyhdr)                \addtolength{\topmargin}{-0.77002pt}.

[13 <./Bitacoras_Grupo5_files/figure-latex/Graph3-1.pdf>]
<Bitacoras_Grupo5_files/figure-latex/Graph2-1.pdf, id=201, 289.08pt x 216.81pt>

File: Bitacoras_Grupo5_files/figure-latex/Graph2-1.pdf Graphic file (type pdf)
<use Bitacoras_Grupo5_files/figure-latex/Graph2-1.pdf>
Package pdftex.def Info: Bitacoras_Grupo5_files/figure-latex/Graph2-1.pdf  used
 on input line 1042.
(pdftex.def)             Requested size: 289.09251pt x 216.81938pt.
<Bitacoras_Grupo5_files/figure-latex/Graph1-1.pdf, id=202, 289.08pt x 216.81pt>

File: Bitacoras_Grupo5_files/figure-latex/Graph1-1.pdf Graphic file (type pdf)
<use Bitacoras_Grupo5_files/figure-latex/Graph1-1.pdf>
Package pdftex.def Info: Bitacoras_Grupo5_files/figure-latex/Graph1-1.pdf  used
 on input line 1054.
(pdftex.def)             Requested size: 289.09251pt x 216.81938pt.
LaTeX Info: Redefining \. on input line 1063.
LaTeX Info: Redefining \% on input line 1063.
LaTeX Info: Redefining \. on input line 1063.
LaTeX Info: Redefining \% on input line 1063.

Package fancyhdr Warning: \headheight is too small (12.0pt): 
(fancyhdr)                Make it at least 12.77002pt, for example:
(fancyhdr)                \setlength{\headheight}{12.77002pt}.
(fancyhdr)                You might also make \topmargin smaller to compensate:

(fancyhdr)                \addtolength{\topmargin}{-0.77002pt}.

[14 <./Bitacoras_Grupo5_files/figure-latex/Graph2-1.pdf> <./Bitacoras_Grupo5_fi
les/figure-latex/Graph1-1.pdf>]
<Bitacoras_Grupo5_files/figure-latex/Logistic Regression ROC-1.pdf, id=219, 289
.08pt x 216.81pt>
File: Bitacoras_Grupo5_files/figure-latex/Logistic Regression ROC-1.pdf Graphic
 file (type pdf)
<use Bitacoras_Grupo5_files/figure-latex/Logistic Regression ROC-1.pdf>
Package pdftex.def Info: Bitacoras_Grupo5_files/figure-latex/Logistic Regressio
n ROC-1.pdf  used on input line 1085.
(pdftex.def)             Requested size: 289.09251pt x 216.81938pt.
LaTeX Info: Redefining \. on input line 1089.
LaTeX Info: Redefining \% on input line 1089.
LaTeX Info: Redefining \. on input line 1089.
LaTeX Info: Redefining \% on input line 1089.

Package fancyhdr Warning: \headheight is too small (12.0pt): 
(fancyhdr)                Make it at least 12.77002pt, for example:
(fancyhdr)                \setlength{\headheight}{12.77002pt}.
(fancyhdr)                You might also make \topmargin smaller to compensate:

(fancyhdr)                \addtolength{\topmargin}{-0.77002pt}.

[15 <./Bitacoras_Grupo5_files/figure-latex/Logistic Regression ROC-1.pdf>]
LaTeX Info: Redefining \. on input line 1183.
LaTeX Info: Redefining \% on input line 1183.
LaTeX Info: Redefining \. on input line 1183.
LaTeX Info: Redefining \% on input line 1183.

Package fancyhdr Warning: \headheight is too small (12.0pt): 
(fancyhdr)                Make it at least 12.77002pt, for example:
(fancyhdr)                \setlength{\headheight}{12.77002pt}.
(fancyhdr)                You might also make \topmargin smaller to compensate:

(fancyhdr)                \addtolength{\topmargin}{-0.77002pt}.

[16]
LaTeX Info: Redefining \. on input line 1206.
LaTeX Info: Redefining \% on input line 1206.
LaTeX Info: Redefining \. on input line 1206.
LaTeX Info: Redefining \% on input line 1206.

Package fancyhdr Warning: \headheight is too small (12.0pt): 
(fancyhdr)                Make it at least 12.77002pt, for example:
(fancyhdr)                \setlength{\headheight}{12.77002pt}.
(fancyhdr)                You might also make \topmargin smaller to compensate:

(fancyhdr)                \addtolength{\topmargin}{-0.77002pt}.

[17]
LaTeX Info: Redefining \. on input line 1299.
LaTeX Info: Redefining \% on input line 1299.
LaTeX Info: Redefining \. on input line 1299.
LaTeX Info: Redefining \% on input line 1299.

Package fancyhdr Warning: \headheight is too small (12.0pt): 
(fancyhdr)                Make it at least 12.77002pt, for example:
(fancyhdr)                \setlength{\headheight}{12.77002pt}.
(fancyhdr)                You might also make \topmargin smaller to compensate:

(fancyhdr)                \addtolength{\topmargin}{-0.77002pt}.

[18]
LaTeX Info: Redefining \. on input line 1317.
LaTeX Info: Redefining \% on input line 1317.
LaTeX Info: Redefining \. on input line 1317.
LaTeX Info: Redefining \% on input line 1317.

Package fancyhdr Warning: \headheight is too small (12.0pt): 
(fancyhdr)                Make it at least 12.77002pt, for example:
(fancyhdr)                \setlength{\headheight}{12.77002pt}.
(fancyhdr)                You might also make \topmargin smaller to compensate:

(fancyhdr)                \addtolength{\topmargin}{-0.77002pt}.

[19]
<Bitacoras_Grupo5_files/figure-latex/unnamed-chunk-9-1.pdf, id=251, 289.08pt x 
216.81pt>
File: Bitacoras_Grupo5_files/figure-latex/unnamed-chunk-9-1.pdf Graphic file (t
ype pdf)
<use Bitacoras_Grupo5_files/figure-latex/unnamed-chunk-9-1.pdf>
Package pdftex.def Info: Bitacoras_Grupo5_files/figure-latex/unnamed-chunk-9-1.
pdf  used on input line 1335.
(pdftex.def)             Requested size: 289.09251pt x 216.81938pt.
<Bitacoras_Grupo5_files/figure-latex/unnamed-chunk-10-1.pdf, id=252, 289.08pt x
 216.81pt>
File: Bitacoras_Grupo5_files/figure-latex/unnamed-chunk-10-1.pdf Graphic file (
type pdf)
<use Bitacoras_Grupo5_files/figure-latex/unnamed-chunk-10-1.pdf>
Package pdftex.def Info: Bitacoras_Grupo5_files/figure-latex/unnamed-chunk-10-1
.pdf  used on input line 1341.
(pdftex.def)             Requested size: 289.09251pt x 216.81938pt.
[20

 <./Bitacoras_Grupo5_files/figure-latex/unnamed-chunk-9-1.pdf>]
<Bitacoras_Grupo5_files/figure-latex/dens-1.pdf, id=264, 289.08pt x 216.81pt>
File: Bitacoras_Grupo5_files/figure-latex/dens-1.pdf Graphic file (type pdf)
<use Bitacoras_Grupo5_files/figure-latex/dens-1.pdf>
Package pdftex.def Info: Bitacoras_Grupo5_files/figure-latex/dens-1.pdf  used o
n input line 1393.
(pdftex.def)             Requested size: 289.09251pt x 216.81938pt.
LaTeX Info: Redefining \. on input line 1396.
LaTeX Info: Redefining \% on input line 1396.
LaTeX Info: Redefining \. on input line 1396.
LaTeX Info: Redefining \% on input line 1396.

Package fancyhdr Warning: \headheight is too small (12.0pt): 
(fancyhdr)                Make it at least 12.77002pt, for example:
(fancyhdr)                \setlength{\headheight}{12.77002pt}.
(fancyhdr)                You might also make \topmargin smaller to compensate:

(fancyhdr)                \addtolength{\topmargin}{-0.77002pt}.

[21 <./Bitacoras_Grupo5_files/figure-latex/unnamed-chunk-10-1.pdf>]
LaTeX Info: Redefining \. on input line 1454.
LaTeX Info: Redefining \% on input line 1454.
LaTeX Info: Redefining \. on input line 1454.
LaTeX Info: Redefining \% on input line 1454.

Package fancyhdr Warning: \headheight is too small (12.0pt): 
(fancyhdr)                Make it at least 12.77002pt, for example:
(fancyhdr)                \setlength{\headheight}{12.77002pt}.
(fancyhdr)                You might also make \topmargin smaller to compensate:

(fancyhdr)                \addtolength{\topmargin}{-0.77002pt}.

[22 <./Bitacoras_Grupo5_files/figure-latex/dens-1.pdf>]
<Bitacoras_Grupo5_files/figure-latex/Simulaciones vs Observados-1.pdf, id=291, 
289.08pt x 216.81pt>
File: Bitacoras_Grupo5_files/figure-latex/Simulaciones vs Observados-1.pdf Grap
hic file (type pdf)
<use Bitacoras_Grupo5_files/figure-latex/Simulaciones vs Observados-1.pdf>
Package pdftex.def Info: Bitacoras_Grupo5_files/figure-latex/Simulaciones vs Ob
servados-1.pdf  used on input line 1461.
(pdftex.def)             Requested size: 289.09251pt x 216.81938pt.
LaTeX Info: Redefining \. on input line 1505.
LaTeX Info: Redefining \% on input line 1505.
LaTeX Info: Redefining \. on input line 1505.
LaTeX Info: Redefining \% on input line 1505.

Package fancyhdr Warning: \headheight is too small (12.0pt): 
(fancyhdr)                Make it at least 12.77002pt, for example:
(fancyhdr)                \setlength{\headheight}{12.77002pt}.
(fancyhdr)                You might also make \topmargin smaller to compensate:

(fancyhdr)                \addtolength{\topmargin}{-0.77002pt}.

[23 <./Bitacoras_Grupo5_files/figure-latex/Simulaciones vs Observados-1.pdf>]
LaTeX Info: Redefining \. on input line 1598.
LaTeX Info: Redefining \% on input line 1598.
LaTeX Info: Redefining \. on input line 1598.
LaTeX Info: Redefining \% on input line 1598.

Package fancyhdr Warning: \headheight is too small (12.0pt): 
(fancyhdr)                Make it at least 12.77002pt, for example:
(fancyhdr)                \setlength{\headheight}{12.77002pt}.
(fancyhdr)                You might also make \topmargin smaller to compensate:

(fancyhdr)                \addtolength{\topmargin}{-0.77002pt}.

[24]
LaTeX Info: Redefining \. on input line 1671.
LaTeX Info: Redefining \% on input line 1671.
LaTeX Info: Redefining \. on input line 1671.
LaTeX Info: Redefining \% on input line 1671.

Package fancyhdr Warning: \headheight is too small (12.0pt): 
(fancyhdr)                Make it at least 12.77002pt, for example:
(fancyhdr)                \setlength{\headheight}{12.77002pt}.
(fancyhdr)                You might also make \topmargin smaller to compensate:

(fancyhdr)                \addtolength{\topmargin}{-0.77002pt}.

[25]
LaTeX Info: Redefining \. on input line 1761.
LaTeX Info: Redefining \% on input line 1761.
LaTeX Info: Redefining \. on input line 1761.
LaTeX Info: Redefining \% on input line 1761.

Package fancyhdr Warning: \headheight is too small (12.0pt): 
(fancyhdr)                Make it at least 12.77002pt, for example:
(fancyhdr)                \setlength{\headheight}{12.77002pt}.
(fancyhdr)                You might also make \topmargin smaller to compensate:

(fancyhdr)                \addtolength{\topmargin}{-0.77002pt}.

[26]
LaTeX Info: Redefining \. on input line 1809.
LaTeX Info: Redefining \% on input line 1809.
LaTeX Info: Redefining \. on input line 1809.
LaTeX Info: Redefining \% on input line 1809.

Package fancyhdr Warning: \headheight is too small (12.0pt): 
(fancyhdr)                Make it at least 12.77002pt, for example:
(fancyhdr)                \setlength{\headheight}{12.77002pt}.
(fancyhdr)                You might also make \topmargin smaller to compensate:

(fancyhdr)                \addtolength{\topmargin}{-0.77002pt}.

[27]
LaTeX Info: Redefining \. on input line 1880.
LaTeX Info: Redefining \% on input line 1880.
LaTeX Info: Redefining \. on input line 1880.
LaTeX Info: Redefining \% on input line 1880.

Package fancyhdr Warning: \headheight is too small (12.0pt): 
(fancyhdr)                Make it at least 12.77002pt, for example:
(fancyhdr)                \setlength{\headheight}{12.77002pt}.
(fancyhdr)                You might also make \topmargin smaller to compensate:

(fancyhdr)                \addtolength{\topmargin}{-0.77002pt}.

[28]
LaTeX Info: Redefining \. on input line 1956.
LaTeX Info: Redefining \% on input line 1956.
LaTeX Info: Redefining \. on input line 1956.
LaTeX Info: Redefining \% on input line 1956.

Package fancyhdr Warning: \headheight is too small (12.0pt): 
(fancyhdr)                Make it at least 12.77002pt, for example:
(fancyhdr)                \setlength{\headheight}{12.77002pt}.
(fancyhdr)                You might also make \topmargin smaller to compensate:

(fancyhdr)                \addtolength{\topmargin}{-0.77002pt}.

[29]
<Bitacoras_Grupo5_files/figure-latex/unnamed-chunk-16-1.pdf, id=342, 289.08pt x
 216.81pt>
File: Bitacoras_Grupo5_files/figure-latex/unnamed-chunk-16-1.pdf Graphic file (
type pdf)
<use Bitacoras_Grupo5_files/figure-latex/unnamed-chunk-16-1.pdf>
Package pdftex.def Info: Bitacoras_Grupo5_files/figure-latex/unnamed-chunk-16-1
.pdf  used on input line 1984.
(pdftex.def)             Requested size: 289.09251pt x 216.81938pt.
<Bitacoras_Grupo5_files/figure-latex/unnamed-chunk-17-1.pdf, id=343, 289.08pt x
 216.81pt>
File: Bitacoras_Grupo5_files/figure-latex/unnamed-chunk-17-1.pdf Graphic file (
type pdf)
<use Bitacoras_Grupo5_files/figure-latex/unnamed-chunk-17-1.pdf>
Package pdftex.def Info: Bitacoras_Grupo5_files/figure-latex/unnamed-chunk-17-1
.pdf  used on input line 2002.
(pdftex.def)             Requested size: 289.09251pt x 216.81938pt.
LaTeX Info: Redefining \. on input line 2005.
LaTeX Info: Redefining \% on input line 2005.
LaTeX Info: Redefining \. on input line 2005.
LaTeX Info: Redefining \% on input line 2005.

Package fancyhdr Warning: \headheight is too small (12.0pt): 
(fancyhdr)                Make it at least 12.77002pt, for example:
(fancyhdr)                \setlength{\headheight}{12.77002pt}.
(fancyhdr)                You might also make \topmargin smaller to compensate:

(fancyhdr)                \addtolength{\topmargin}{-0.77002pt}.

[30 <./Bitacoras_Grupo5_files/figure-latex/unnamed-chunk-16-1.pdf>]
<Bitacoras_Grupo5_files/figure-latex/unnamed-chunk-18-1.pdf, id=357, 289.08pt x
 216.81pt>
File: Bitacoras_Grupo5_files/figure-latex/unnamed-chunk-18-1.pdf Graphic file (
type pdf)
<use Bitacoras_Grupo5_files/figure-latex/unnamed-chunk-18-1.pdf>
Package pdftex.def Info: Bitacoras_Grupo5_files/figure-latex/unnamed-chunk-18-1
.pdf  used on input line 2046.
(pdftex.def)             Requested size: 289.09251pt x 216.81938pt.
LaTeX Info: Redefining \. on input line 2049.
LaTeX Info: Redefining \% on input line 2049.
LaTeX Info: Redefining \. on input line 2049.
LaTeX Info: Redefining \% on input line 2049.

Package fancyhdr Warning: \headheight is too small (12.0pt): 
(fancyhdr)                Make it at least 12.77002pt, for example:
(fancyhdr)                \setlength{\headheight}{12.77002pt}.
(fancyhdr)                You might also make \topmargin smaller to compensate:

(fancyhdr)                \addtolength{\topmargin}{-0.77002pt}.

[31 <./Bitacoras_Grupo5_files/figure-latex/unnamed-chunk-17-1.pdf>]
LaTeX Info: Redefining \. on input line 2103.
LaTeX Info: Redefining \% on input line 2103.
LaTeX Info: Redefining \. on input line 2103.
LaTeX Info: Redefining \% on input line 2103.

Package fancyhdr Warning: \headheight is too small (12.0pt): 
(fancyhdr)                Make it at least 12.77002pt, for example:
(fancyhdr)                \setlength{\headheight}{12.77002pt}.
(fancyhdr)                You might also make \topmargin smaller to compensate:

(fancyhdr)                \addtolength{\topmargin}{-0.77002pt}.

[32 <./Bitacoras_Grupo5_files/figure-latex/unnamed-chunk-18-1.pdf>]
<Bitacoras_Grupo5_files/figure-latex/unnamed-chunk-19-1.pdf, id=381, 289.08pt x
 216.81pt>
File: Bitacoras_Grupo5_files/figure-latex/unnamed-chunk-19-1.pdf Graphic file (
type pdf)
<use Bitacoras_Grupo5_files/figure-latex/unnamed-chunk-19-1.pdf>
Package pdftex.def Info: Bitacoras_Grupo5_files/figure-latex/unnamed-chunk-19-1
.pdf  used on input line 2106.
(pdftex.def)             Requested size: 289.09251pt x 216.81938pt.
<Bitacoras_Grupo5_files/figure-latex/unnamed-chunk-20-1.pdf, id=382, 289.08pt x
 216.81pt>
File: Bitacoras_Grupo5_files/figure-latex/unnamed-chunk-20-1.pdf Graphic file (
type pdf)
<use Bitacoras_Grupo5_files/figure-latex/unnamed-chunk-20-1.pdf>
Package pdftex.def Info: Bitacoras_Grupo5_files/figure-latex/unnamed-chunk-20-1
.pdf  used on input line 2118.
(pdftex.def)             Requested size: 289.09251pt x 216.81938pt.
LaTeX Info: Redefining \. on input line 2127.
LaTeX Info: Redefining \% on input line 2127.
LaTeX Info: Redefining \. on input line 2127.
LaTeX Info: Redefining \% on input line 2127.

Package fancyhdr Warning: \headheight is too small (12.0pt): 
(fancyhdr)                Make it at least 12.77002pt, for example:
(fancyhdr)                \setlength{\headheight}{12.77002pt}.
(fancyhdr)                You might also make \topmargin smaller to compensate:

(fancyhdr)                \addtolength{\topmargin}{-0.77002pt}.

[33 <./Bitacoras_Grupo5_files/figure-latex/unnamed-chunk-19-1.pdf> <./Bitacoras
_Grupo5_files/figure-latex/unnamed-chunk-20-1.pdf>]
LaTeX Info: Redefining \. on input line 2210.
LaTeX Info: Redefining \% on input line 2210.
LaTeX Info: Redefining \. on input line 2210.
LaTeX Info: Redefining \% on input line 2210.

Package fancyhdr Warning: \headheight is too small (12.0pt): 
(fancyhdr)                Make it at least 12.77002pt, for example:
(fancyhdr)                \setlength{\headheight}{12.77002pt}.
(fancyhdr)                You might also make \topmargin smaller to compensate:

(fancyhdr)                \addtolength{\topmargin}{-0.77002pt}.

[34]
LaTeX Info: Redefining \. on input line 2264.
LaTeX Info: Redefining \% on input line 2264.
LaTeX Info: Redefining \. on input line 2264.
LaTeX Info: Redefining \% on input line 2264.

Package fancyhdr Warning: \headheight is too small (12.0pt): 
(fancyhdr)                Make it at least 12.77002pt, for example:
(fancyhdr)                \setlength{\headheight}{12.77002pt}.
(fancyhdr)                You might also make \topmargin smaller to compensate:

(fancyhdr)                \addtolength{\topmargin}{-0.77002pt}.

[35]
LaTeX Info: Redefining \. on input line 2327.
LaTeX Info: Redefining \% on input line 2327.
LaTeX Info: Redefining \. on input line 2327.
LaTeX Info: Redefining \% on input line 2327.

Package fancyhdr Warning: \headheight is too small (12.0pt): 
(fancyhdr)                Make it at least 12.77002pt, for example:
(fancyhdr)                \setlength{\headheight}{12.77002pt}.
(fancyhdr)                You might also make \topmargin smaller to compensate:

(fancyhdr)                \addtolength{\topmargin}{-0.77002pt}.

[36]
<Bitacoras_Grupo5_files/figure-latex/unnamed-chunk-27-1.pdf, id=439, 289.08pt x
 216.81pt>
File: Bitacoras_Grupo5_files/figure-latex/unnamed-chunk-27-1.pdf Graphic file (
type pdf)
<use Bitacoras_Grupo5_files/figure-latex/unnamed-chunk-27-1.pdf>
Package pdftex.def Info: Bitacoras_Grupo5_files/figure-latex/unnamed-chunk-27-1
.pdf  used on input line 2348.
(pdftex.def)             Requested size: 289.09251pt x 216.81938pt.
LaTeX Info: Redefining \. on input line 2381.
LaTeX Info: Redefining \% on input line 2381.
LaTeX Info: Redefining \. on input line 2381.
LaTeX Info: Redefining \% on input line 2381.

Package fancyhdr Warning: \headheight is too small (12.0pt): 
(fancyhdr)                Make it at least 12.77002pt, for example:
(fancyhdr)                \setlength{\headheight}{12.77002pt}.
(fancyhdr)                You might also make \topmargin smaller to compensate:

(fancyhdr)                \addtolength{\topmargin}{-0.77002pt}.

[37 <./Bitacoras_Grupo5_files/figure-latex/unnamed-chunk-27-1.pdf>]
LaTeX Info: Redefining \. on input line 2450.
LaTeX Info: Redefining \% on input line 2450.
LaTeX Info: Redefining \. on input line 2450.
LaTeX Info: Redefining \% on input line 2450.

Package fancyhdr Warning: \headheight is too small (12.0pt): 
(fancyhdr)                Make it at least 12.77002pt, for example:
(fancyhdr)                \setlength{\headheight}{12.77002pt}.
(fancyhdr)                You might also make \topmargin smaller to compensate:

(fancyhdr)                \addtolength{\topmargin}{-0.77002pt}.

[38]
LaTeX Info: Redefining \. on input line 2465.
LaTeX Info: Redefining \% on input line 2465.
LaTeX Info: Redefining \. on input line 2465.
LaTeX Info: Redefining \% on input line 2465.

Package fancyhdr Warning: \headheight is too small (12.0pt): 
(fancyhdr)                Make it at least 12.77002pt, for example:
(fancyhdr)                \setlength{\headheight}{12.77002pt}.
(fancyhdr)                You might also make \topmargin smaller to compensate:

(fancyhdr)                \addtolength{\topmargin}{-0.77002pt}.

[39]
<images/Uve_Gowin.png, id=461, 938.00438pt x 518.43687pt>
File: images/Uve_Gowin.png Graphic file (type png)
<use images/Uve_Gowin.png>
Package pdftex.def Info: images/Uve_Gowin.png  used on input line 2470.
(pdftex.def)             Requested size: 443.56723pt x 245.16048pt.

Overfull \hbox (11.98875pt too wide) in paragraph at lines 2470--2471
[][] 
 []

[40

 <./images/Uve_Gowin.png>] [41

]
\tf@toc=\write5
\openout5 = `Bitacoras_Grupo5.toc'.

(Bitacoras_Grupo5.aux
LaTeX Info: Redefining \sptext on input line 28.
LaTeX Info: Redefining \. on input line 28.
LaTeX Info: Redefining \% on input line 28.
)

LaTeX Warning: There were multiply-defined labels.

Package logreq Info: Writing requests to 'Bitacoras_Grupo5.run.xml'.
\openout1 = `Bitacoras_Grupo5.run.xml'.

 ) 
Here is how much of TeX's memory you used:
 28264 strings out of 478351
 483199 string characters out of 2837053
 1054973 words of memory out of 3000000
 45675 multiletter control sequences out of 15000+600000
 548809 words of font info for 370 fonts, out of 8000000 for 9000
 1141 hyphenation exceptions out of 8191
 74i,16n,81p,1905b,1998s stack positions out of 10000i,1000n,20000p,200000b,80000s

pdfTeX warning (dest): name{cite.0@goodness_test} has been referenced but does 
not exist, replaced by a fixed one


pdfTeX warning (dest): name{cite.0@var_copula} has been referenced but does not
 exist, replaced by a fixed one


pdfTeX warning (dest): name{cite.0@james2021introduction} has been referenced b
ut does not exist, replaced by a fixed one


pdfTeX warning (dest): name{cite.0@eleg_def} has been referenced but does not e
xist, replaced by a fixed one


pdfTeX warning (dest): name{cite.0@perdida_def} has been referenced but does no
t exist, replaced by a fixed one


pdfTeX warning (dest): name{cite.0@credito_def} has been referenced but does no
t exist, replaced by a fixed one

{C:/Users/andre/AppData/Local/Programs/MiKTeX/fonts/enc/dvips/base/8r.enc}{C:/U
sers/andre/AppData/Local/Programs/MiKTeX/fonts/enc/dvips/lm/lm-ec.enc}<C:/Users
/andre/AppData/Local/Programs/MiKTeX/fonts/type1/public/amsfonts/cm/cmex10.pfb>
<C:/Users/andre/AppData/Local/Programs/MiKTeX/fonts/type1/public/amsfonts/cm/cm
mi10.pfb><C:/Users/andre/AppData/Local/Programs/MiKTeX/fonts/type1/public/amsfo
nts/cm/cmr10.pfb><C:/Users/andre/AppData/Local/Programs/MiKTeX/fonts/type1/publ
ic/amsfonts/cm/cmsy10.pfb><C:/Users/andre/AppData/Local/Programs/MiKTeX/fonts/t
ype1/public/mathpazo/fplmr.pfb><C:/Users/andre/AppData/Local/Programs/MiKTeX/fo
nts/type1/public/mathpazo/fplmri.pfb><C:/Users/andre/AppData/Local/Programs/MiK
TeX/fonts/type1/public/lm/lmssbx10.pfb><C:/Users/andre/AppData/Local/Programs/M
iKTeX/fonts/type1/public/lm/lmsso12.pfb><C:/Users/andre/AppData/Local/Programs/
MiKTeX/fonts/type1/urw/palatino/uplb8a.pfb><C:/Users/andre/AppData/Local/Progra
ms/MiKTeX/fonts/type1/urw/palatino/uplbi8a.pfb><C:/Users/andre/AppData/Local/Pr
ograms/MiKTeX/fonts/type1/urw/palatino/uplr8a.pfb><C:/Users/andre/AppData/Local
/Programs/MiKTeX/fonts/type1/urw/palatino/uplr8a.pfb><C:/Users/andre/AppData/Lo
cal/Programs/MiKTeX/fonts/type1/urw/palatino/uplri8a.pfb>
Output written on Bitacoras_Grupo5.pdf (44 pages, 798151 bytes).
PDF statistics:
 684 PDF objects out of 1000 (max. 8388607)
 180 named destinations out of 1000 (max. 500000)
 88429 words of extra memory for PDF output out of 89155 (max. 10000000)

